Log file open, 07/29/17 00:00:33
LogInit:Display: Running engine for game: MyProject
LogPlatformFile: Not using cached read wrapper
LogInit:Display: RandInit(-1099129812) SRandInit(-1099129812).
LogTaskGraph: Started task graph with 5 named threads and 8 total threads with 1 sets of task threads.
LogStats: Stats thread started at 0.084086
LogInit: Using libcurl 7.47.1
LogInit:  - built for x86_64-pc-win32
LogInit:  - supports SSL with OpenSSL/1.0.2g
LogInit:  - supports HTTP deflate (compression) using libz 1.2.8
LogInit:  - other features:
LogInit:      CURL_VERSION_SSL
LogInit:      CURL_VERSION_LIBZ
LogInit:      CURL_VERSION_IPV6
LogInit:      CURL_VERSION_ASYNCHDNS
LogInit:      CURL_VERSION_LARGEFILE
LogInit:      CURL_VERSION_IDN
LogInit:  CurlRequestOptions (configurable via config and command line):
LogInit:  - bVerifyPeer = false  - Libcurl will NOT verify peer certificate
LogInit:  - bUseHttpProxy = false  - Libcurl will NOT use HTTP proxy
LogInit:  - bDontReuseConnections = false  - Libcurl will reuse connections
LogInit:  - CertBundlePath = nullptr  - Libcurl will use whatever was configured at build time.
LogInit: Build: ++UE4+Release-4.16-CL-3514769
LogInit: Engine Version: 4.16.2-3514769+++UE4+Release-4.16
LogInit: Compatible Engine Version: 4.16.0-3452394+++UE4+Release-4.16
LogInit: Net CL: 3452394
LogDevObjectVersion: Number of dev versions registered: 16
LogDevObjectVersion:   Dev-Blueprints (B0D832E4-1F89-4F0D-ACCF-7EB736FD4AA2): 9
LogDevObjectVersion:   Dev-Build (E1C64328-A22C-4D53-A36C-8E866417BD8C): 0
LogDevObjectVersion:   Dev-Core (375EC13C-06E4-48FB-B500-84F0262A717E): 2
LogDevObjectVersion:   Dev-Editor (E4B068ED-F494-42E9-A231-DA0B2E46BB41): 17
LogDevObjectVersion:   Dev-Framework (CFFC743F-43B0-4480-9391-14DF171D2073): 23
LogDevObjectVersion:   Dev-Mobile (B02B49B5-BB20-44E9-A304-32B752E40360): 0
LogDevObjectVersion:   Dev-Networking (A4E4105C-59A1-49B5-A7C5-40C4547EDFEE): 0
LogDevObjectVersion:   Dev-Online (39C831C9-5AE6-47DC-9A44-9C173E1C8E7C): 0
LogDevObjectVersion:   Dev-Physics (78F01B33-EBEA-4F98-B9B4-84EACCB95AA2): 0
LogDevObjectVersion:   Dev-Platform (6631380F-2D4D-43E0-8009-CF276956A95A): 0
LogDevObjectVersion:   Dev-Rendering (12F88B9F-8875-4AFC-A67C-D90C383ABD29): 15
LogDevObjectVersion:   Dev-Sequencer (7B5AE74C-D270-4C10-A958-57980B212A5A): 4
LogDevObjectVersion:   Dev-VR (D7296918-1DD6-4BDD-9DE2-64A83CC13884): 0
LogDevObjectVersion:   Dev-LoadTimes (C2A15278-BFE7-4AFE-6C17-90FF531DF755): 1
LogDevObjectVersion:   Private-Geometry (6EACA3D4-40EC-4CC1-B786-8BED09428FC5): 1
LogDevObjectVersion:   Dev-AnimPhys (29E575DD-E0A3-4627-9D10-D276232CDCEA): 3
LogInit: Compiled (64-bit): Jun 29 2017 02:03:24
LogInit: Compiled with Visual C++: 19.00.24215.01
LogInit: Build Configuration: Development
LogInit: Branch Name: ++UE4+Release-4.16
LogInit: Command line:  
LogInit: Base directory: D:/Games/UE_4.16/Engine/Binaries/Win64/
LogInit: Installed Engine Build: 1
LogInit: Presizing for max 8388607 objects, including 0 objects not considered by GC, pre-allocating 0 bytes for permanent pool.
LogInit: Object subsystem initialized
[2017.07.29-04.00.33:865][  0]LogInit: Selected Device Profile: [Windows]
[2017.07.29-04.00.33:865][  0]LogInit: Applying CVar settings loaded from the selected device profile: [Windows]
[2017.07.29-04.00.33:875][  0]LogInit: Computer: DESKTOP-G4PSRSI
[2017.07.29-04.00.33:875][  0]LogInit: User: LuBay
[2017.07.29-04.00.33:875][  0]LogInit: CPU Page size=4096, Cores=4
[2017.07.29-04.00.33:875][  0]LogInit: High frequency timer resolution =3.117188 MHz
[2017.07.29-04.00.33:876][  0]LogMemory: Memory total: Physical=16.0GB (16GB approx)
[2017.07.29-04.00.33:876][  0]LogMemory: Platform Memory Stats for Windows
[2017.07.29-04.00.33:876][  0]LogMemory: Process Physical Memory: 273.13 MB used, 273.13 MB peak
[2017.07.29-04.00.33:876][  0]LogMemory: Process Virtual Memory: 266.71 MB used, 266.71 MB peak
[2017.07.29-04.00.33:876][  0]LogMemory: Physical Memory: 8074.90 MB used,  8261.56 MB free, 16336.46 MB total
[2017.07.29-04.00.33:876][  0]LogMemory: Virtual Memory: 643.27 MB used,  8261.56 MB free, 134217728.00 MB total
[2017.07.29-04.00.33:920][  0]LogInit: Using OS detected language (en-US).
[2017.07.29-04.00.33:920][  0]LogInit: Using OS detected locale (en-US).
[2017.07.29-04.00.33:924][  0]LogTextLocalizationManager: No specific localization for 'en-US' exists, so the 'en' localization will be used.
[2017.07.29-04.00.34:836][  0]LogD3D11RHI: D3D11 adapters:
[2017.07.29-04.00.34:859][  0]LogD3D11RHI:    0. 'Radeon (TM) RX 480 Graphics' (Feature Level 11_0)
[2017.07.29-04.00.34:859][  0]LogD3D11RHI:       8140/0/8168 MB DedicatedVideo/DedicatedSystem/SharedSystem, Outputs:2, VendorId:0x1002
[2017.07.29-04.00.34:860][  0]LogD3D11RHI:    1. 'Microsoft Basic Render Driver' (Feature Level 11_0)
[2017.07.29-04.00.34:860][  0]LogD3D11RHI:       0/0/8168 MB DedicatedVideo/DedicatedSystem/SharedSystem, Outputs:0, VendorId:0x1414
[2017.07.29-04.00.34:860][  0]LogD3D11RHI: Chosen D3D11 Adapter: 0
[2017.07.29-04.00.34:867][  0]LogD3D11RHI: Creating new Direct3DDevice
[2017.07.29-04.00.34:867][  0]LogD3D11RHI:     GPU DeviceId: 0x67df (for the marketing name, search the web for "GPU Device Id")
[2017.07.29-04.00.34:867][  0]LogWindows: EnumDisplayDevices:
[2017.07.29-04.00.34:868][  0]LogWindows:    0. 'Radeon (TM) RX 480 Graphics' (P:1 D:1)
[2017.07.29-04.00.34:868][  0]LogWindows:    1. 'Radeon (TM) RX 480 Graphics' (P:0 D:1)
[2017.07.29-04.00.34:868][  0]LogWindows:    2. 'Radeon (TM) RX 480 Graphics' (P:0 D:0)
[2017.07.29-04.00.34:868][  0]LogWindows:    3. 'Radeon (TM) RX 480 Graphics' (P:0 D:0)
[2017.07.29-04.00.34:868][  0]LogWindows:    4. 'Radeon (TM) RX 480 Graphics' (P:0 D:0)
[2017.07.29-04.00.34:869][  0]LogWindows:    5. 'Radeon (TM) RX 480 Graphics' (P:0 D:0)
[2017.07.29-04.00.34:869][  0]LogWindows: DebugString: FoundDriverCount:6 
[2017.07.29-04.00.34:869][  0]LogD3D11RHI:     Adapter Name: Radeon (TM) RX 480 Graphics
[2017.07.29-04.00.34:869][  0]LogD3D11RHI:   Driver Version: Crimson ReLive 17.1.1 (internal:22.19.162.4, unified:22.19.162.4)
[2017.07.29-04.00.34:869][  0]LogD3D11RHI:      Driver Date: 4-24-2017
[2017.07.29-04.00.34:869][  0]LogRHI: Texture pool is 1361 MB (70% of 1945 MB)
[2017.07.29-04.00.34:960][  0]LogD3D11RHI: Async texture creation enabled
[2017.07.29-04.00.34:969][  0]LogD3D11RHI: GPU Timing Frequency: 25.000000 (Debug: 2 1)
[2017.07.29-04.00.34:970][  0]LogShaderCompilers: Guid format shader working directory is 5 characters bigger than the processId version (../../../../../Unreal Projects/MyProject/Intermediate/Shaders/WorkingDirectory/21856/).
[2017.07.29-04.00.34:970][  0]LogShaderCompilers: Cleaned the shader compiler working directory 'C:/Users/LuBay/AppData/Local/Temp/UnrealShaderWorkingDir/0B8634FF4CA42056D344AB957DEAAE5A/'.
[2017.07.29-04.00.34:970][  0]LogShaderCompilers:Display: Using Local Shader Compiler.
[2017.07.29-04.00.35:883][  0]LogTemp:Display: Loaded TP AllDesktopTargetPlatform
[2017.07.29-04.00.35:923][  0]LogTemp:Display: Loaded TP MacClientTargetPlatform
[2017.07.29-04.00.35:962][  0]LogTemp:Display: Loaded TP MacNoEditorTargetPlatform
[2017.07.29-04.00.36:002][  0]LogTemp:Display: Loaded TP MacServerTargetPlatform
[2017.07.29-04.00.36:043][  0]LogTemp:Display: Loaded TP MacTargetPlatform
[2017.07.29-04.00.36:082][  0]LogTemp:Display: Loaded TP WindowsClientTargetPlatform
[2017.07.29-04.00.36:121][  0]LogTemp:Display: Loaded TP WindowsNoEditorTargetPlatform
[2017.07.29-04.00.36:161][  0]LogTemp:Display: Loaded TP WindowsServerTargetPlatform
[2017.07.29-04.00.36:195][  0]LogTemp:Display: Loaded TP WindowsTargetPlatform
[2017.07.29-04.00.36:234][  0]LogTemp:Display: Loaded TP AndroidTargetPlatform
[2017.07.29-04.00.36:273][  0]LogTemp:Display: Loaded TP Android_ASTCTargetPlatform
[2017.07.29-04.00.36:311][  0]LogTemp:Display: Loaded TP Android_ATCTargetPlatform
[2017.07.29-04.00.36:350][  0]LogTemp:Display: Loaded TP Android_DXTTargetPlatform
[2017.07.29-04.00.36:388][  0]LogTemp:Display: Loaded TP Android_ETC1TargetPlatform
[2017.07.29-04.00.36:429][  0]LogTemp:Display: Loaded TP Android_ETC2TargetPlatform
[2017.07.29-04.00.36:509][  0]LogTemp:Display: Loaded TP Android_MultiTargetPlatform
[2017.07.29-04.00.36:509][  0]LogTemp:Display: Loaded TP Android_PVRTCTargetPlatform
[2017.07.29-04.00.36:539][  0]LogTemp:Display: Loaded TP HTML5TargetPlatform
[2017.07.29-04.00.36:613][  0]LogTemp:Display: Loaded TP IOSTargetPlatform
[2017.07.29-04.00.36:635][  0]LogTemp:Display: Loaded TP TVOSTargetPlatform
[2017.07.29-04.00.36:674][  0]LogTemp:Display: Loaded TP LinuxClientTargetPlatform
[2017.07.29-04.00.36:712][  0]LogTemp:Display: Loaded TP LinuxNoEditorTargetPlatform
[2017.07.29-04.00.36:750][  0]LogTemp:Display: Loaded TP LinuxServerTargetPlatform
[2017.07.29-04.00.36:789][  0]LogTemp:Display: Loaded TP LinuxTargetPlatform
[2017.07.29-04.00.36:789][  0]LogTargetPlatformManager:Display: Building Assets For Windows
[2017.07.29-04.00.37:133][  0]LogDerivedDataCache:Display: Max Cache Size: 512 MB
[2017.07.29-04.00.37:221][  0]LogDerivedDataCache: Loaded boot cache 0.09s 90MB C:/Users/LuBay/AppData/Local/UnrealEngine/4.16/DerivedDataCache/Boot.ddc.
[2017.07.29-04.00.37:221][  0]LogDerivedDataCache:Display: Loaded Boot cache: C:/Users/LuBay/AppData/Local/UnrealEngine/4.16/DerivedDataCache/Boot.ddc
[2017.07.29-04.00.37:221][  0]LogDerivedDataCache: FDerivedDataBackendGraph:  Pak pak cache file ../../../../../Unreal Projects/MyProject/DerivedDataCache/DDC.ddp not found, will not use a pak cache.
[2017.07.29-04.00.37:221][  0]LogDerivedDataCache: Unable to find inner node Pak for hierarchical cache Hierarchy.
[2017.07.29-04.00.37:221][  0]LogDerivedDataCache: FDerivedDataBackendGraph:  CompressedPak pak cache file ../../../../../Unreal Projects/MyProject/DerivedDataCache/Compressed.ddp not found, will not use a pak cache.
[2017.07.29-04.00.37:221][  0]LogDerivedDataCache: Unable to find inner node CompressedPak for hierarchical cache Hierarchy.
[2017.07.29-04.00.37:236][  0]LogDerivedDataCache:Display: Pak cache opened for reading ../../../Engine/DerivedDataCache/Compressed.ddp.
[2017.07.29-04.00.37:248][  0]LogDerivedDataCache: Using Local data cache path C:/Users/LuBay/AppData/Local/UnrealEngine/Common/DerivedDataCache: Writable
[2017.07.29-04.00.37:257][  0]LogMaterial: Verifying Global Shaders for PCD3D_SM5
[2017.07.29-04.00.37:257][  0]LogSlate: Using Freetype 2.6.0
[2017.07.29-04.00.37:258][  0]LogSlate: SlateFontCache - WITH_FREETYPE: 1, WITH_HARFBUZZ: 1
[2017.07.29-04.00.37:258][  0]LogSlate: SlateFontCache - WITH_FREETYPE: 1, WITH_HARFBUZZ: 1
[2017.07.29-04.00.37:563][  0]LogInit: Selected Device Profile: [Windows]
[2017.07.29-04.00.37:655][  0]LogContentStreaming: Texture pool size is 0.00 MB
[2017.07.29-04.00.37:790][  0]LogMeshUtilities: Using QuadricMeshReduction for automatic static mesh reduction
[2017.07.29-04.00.37:822][  0]LogSimplygon: Simplygon DLL not present - disabling.
[2017.07.29-04.00.37:859][  0]LogMeshUtilities: Using SimplygonSwarm for distributed automatic mesh merging
[2017.07.29-04.00.37:859][  0]LogMeshUtilities: No automatic skeletal mesh reduction module available
[2017.07.29-04.00.37:859][  0]LogMeshUtilities: No automatic mesh merging module available
[2017.07.29-04.00.38:352][  0]LogNetVersion: MyProject , NetCL: 3452394, EngineNetVer: 2, GameNetVer: 0 (Checksum: 1111101373)
[2017.07.29-04.00.38:403][  0]LogAssetRegistry: FAssetRegistry took 0.0247 seconds to start up
[2017.07.29-04.00.38:452][  0]LogPackageLocalizationCache: Processed 4 localized package path(s) for 2 prioritized culture(s) in 0.034726 seconds
[2017.07.29-04.00.38:457][  0]LogUObjectArray: 34194 objects as part of root set at end of initial load.
[2017.07.29-04.00.38:457][  0]LogUObjectAllocator: 7260416 out of 0 bytes used by permanent object pool.
[2017.07.29-04.00.38:457][  0]LogUObjectArray: CloseDisregardForGC: 0/0 objects in disregard for GC pool
[2017.07.29-04.00.38:497][  0]LogInit: WinSock: version 1.1 (2.2), MaxSocks=32767, MaxUdp=65467
[2017.07.29-04.00.40:579][  0]LogTcpMessaging: Initializing TcpMessaging bridge
[2017.07.29-04.00.40:612][  0]LogUdpMessaging: Initializing bridge on interface 0.0.0.0:0 to multicast group 230.0.0.1:6666.
[2017.07.29-04.00.41:077][  0]LogMaterial: Uniform references updated for custom material expression Custom.
[2017.07.29-04.00.41:400][  0]SourceControl: Info Source control is disabled
[2017.07.29-04.00.41:401][  0]SourceControl: Info Source control is disabled
[2017.07.29-04.00.41:439][  0]SourceControl: Info Source control is disabled
[2017.07.29-04.00.41:476][  0]SourceControl: Info Source control is disabled
[2017.07.29-04.00.42:013][  0]LogAndroidPermission: UAndroidPermissionCallbackProxy::GetInstance
[2017.07.29-04.00.42:484][  0]LogEngine: Initializing Engine...
[2017.07.29-04.00.42:484][  0]LogHMD: Failed to initialize OpenVR with code 110
[2017.07.29-04.00.42:683][  0]LogStats: UGameplayTagsManager::ConstructGameplayTagTree: Construct from data asset -  0.000 s
[2017.07.29-04.00.42:683][  0]LogStats: UGameplayTagsManager::ConstructGameplayTagTree: GameplayTagTreeChangedEvent.Broadcast -  0.000 s
[2017.07.29-04.00.42:783][  0]LogAIModule: Creating AISystem for world Untitled
[2017.07.29-04.00.42:795][  0]LogInit: XAudio2 using 'Speakers (Realtek High Definition Audio)' : 6 channels at 48 kHz using 32 bits per sample (channel mask 0x3f)
[2017.07.29-04.00.42:808][  0]LogInit: FAudioDevice initialized.
[2017.07.29-04.00.42:848][  0]LogDerivedDataCache: Saved boot cache 0.04s 90MB C:/Users/LuBay/AppData/Local/UnrealEngine/4.16/DerivedDataCache/Boot.ddc.
[2017.07.29-04.00.42:862][  0]LogInit: Texture streaming: Enabled
[2017.07.29-04.00.42:927][  0]LogEngineSessionManager: EngineSessionManager initialized
[2017.07.29-04.00.43:100][  0]LogInit: Transaction tracking system initialized
[2017.07.29-04.00.43:340][  0]BlueprintLog: New page: Editor Load
[2017.07.29-04.00.44:045][  0]LocalizationService: Info Localization service is disabled
[2017.07.29-04.00.44:565][  0]LogConsoleResponse:Display: 
[2017.07.29-04.00.44:696][  0]LogCook:Display: Max memory allowance for cook 16384mb min free memory 0mb
[2017.07.29-04.00.44:696][  0]LogCook:Display: Mobile HDR setting 1
[2017.07.29-04.00.45:477][  0]LogFileCache: Scanning file cache for directory 'D:/Unreal Projects/MyProject/Content/' took 0.01s
[2017.07.29-04.00.45:477][  0]SourceControl: Info Source control is disabled
[2017.07.29-04.00.45:477][  0]Cmd: MAP LOAD FILE="../../../../../Unreal Projects/MyProject/Content/StarterContent/Maps/Minimal_Default.umap" TEMPLATE=0 SHOWPROGRESS=1 FEATURELEVEL=3
[2017.07.29-04.00.45:478][  0]LightingResults: New page: Lighting Build
[2017.07.29-04.00.45:507][  0]MapCheck: New page: Map Check
[2017.07.29-04.00.45:507][  0]LightingResults: New page: Lighting Build
[2017.07.29-04.00.45:812][  0]LogAIModule: Creating AISystem for world Minimal_Default
[2017.07.29-04.00.45:819][  0]LogEditorServer: Finished looking for orphan Actors (0.000 secs)
[2017.07.29-04.00.45:830][  0]Cmd: MAP CHECKDEP NOCLEARLOG
[2017.07.29-04.00.45:880][  0]MapCheck: Info Map check complete: 0 Error(s), 0 Warning(s), took 50.641ms to complete.
[2017.07.29-04.00.45:880][  0]LogFileHelpers: Loading map 'Minimal_Default' took 0.403
[2017.07.29-04.00.46:060][  0]LogCollectionManager: Loaded 0 collections in 0.000934 seconds
[2017.07.29-04.00.46:137][  0]LogFileCache: Scanning file cache for directory 'D:/Unreal Projects/MyProject/Saved/Collections/' took 0.01s
[2017.07.29-04.00.46:137][  0]LogFileCache: Scanning file cache for directory 'D:/Unreal Projects/MyProject/Content/Developers/LuBay/Collections/' took 0.01s
[2017.07.29-04.00.46:137][  0]LogFileCache: Scanning file cache for directory 'D:/Unreal Projects/MyProject/Content/Collections/' took 0.01s
[2017.07.29-04.00.46:137][  0]LogCollectionManager: Rebuilt the GUID cache for 0 collections in 0.000002 seconds
[2017.07.29-04.00.46:146][  0]LogContentBrowser: Native class hierarchy populated in 0.0091 seconds. Added 2329 classes and 491 folders.
[2017.07.29-04.00.46:195][  0]LogContentBrowser: Native class hierarchy updated for 'WidgetCarousel' in 0.0007 seconds. Added 0 classes and 0 folders.
[2017.07.29-04.00.46:243][  0]LogContentBrowser: Native class hierarchy updated for 'AddContentDialog' in 0.0006 seconds. Added 0 classes and 0 folders.
[2017.07.29-04.00.46:277][  0]LogContentBrowser: Native class hierarchy updated for 'SceneOutliner' in 0.0010 seconds. Added 1 classes and 2 folders.
[2017.07.29-04.00.46:308][  0]LogCrashTracker: Crashtracker disabled due to settings.
[2017.07.29-04.00.46:313][  0]LogSlate: Took 0.000218 seconds to synchronously load lazily loaded font '../../../Engine/Content/Slate/Fonts/Roboto-Regular.ttf' (155K)
[2017.07.29-04.00.46:314][  0]LogSlate: Took 0.000187 seconds to synchronously load lazily loaded font '../../../Engine/Content/Slate/Fonts/Roboto-Bold.ttf' (160K)
[2017.07.29-04.00.46:319][  0]LogSlate: Took 0.000422 seconds to synchronously load lazily loaded font '../../../Engine/Content/Editor/Slate/Fonts/FontAwesome.ttf' (139K)
[2017.07.29-04.00.46:404][  0]LogRenderer: Reallocating scene render targets to support 1616x808 NumSamples 1 (Frame:1).
[2017.07.29-04.00.46:523][  0]LogUObjectGlobals:Warning: Failed to find object 'Class None.'
[2017.07.29-04.00.46:577][  0]LogContentBrowser: Native class hierarchy updated for 'HierarchicalLODOutliner' in 0.0006 seconds. Added 1 classes and 2 folders.
[2017.07.29-04.00.46:577][  0]LogLoad: (Engine Initialization) Total time: 14.15 seconds
[2017.07.29-04.00.46:577][  0]LogLoad: (Engine Initialization) Total Blueprint compile time: 0.07 seconds
[2017.07.29-04.00.46:577][  0]LogExternalProfiler: No external profilers were discovered.  External profiling features will not be available.
[2017.07.29-04.00.46:589][  0]LogWindowsTextInputMethodSystem:Display: IME system now deactivated.
[2017.07.29-04.00.46:590][  0]LogOcInput: OculusInput pre-init called
[2017.07.29-04.00.46:590][  0]LogHMD: Starting GearVRController plugin
[2017.07.29-04.00.46:603][  0]LogAssetRegistry: Asset discovery search completed in 8.2215 seconds
[2017.07.29-04.00.46:605][  0]LogCollectionManager: Rebuilt the object cache for 0 collections in 0.000000 seconds (found 0 objects)
[2017.07.29-04.00.46:605][  0]LogCollectionManager: Fixed up redirectors for 0 collections in 0.000024 seconds (updated 0 objects)
[2017.07.29-04.00.46:608][  0]LogContentStreaming: Texture pool size now 1000 MB
[2017.07.29-04.00.56:758][157]LogSlate: Took 0.000303 seconds to synchronously load lazily loaded font '../../../Engine/Content/Slate/Fonts/Roboto-Light.ttf' (159K)
[2017.07.29-04.01.15:230][358]Cmd: MAP LOAD FILE="../../../../../Unreal Projects/MyProject/Content/StarterContent/Maps/StarterMap.umap" TEMPLATE=0 SHOWPROGRESS=1 FEATURELEVEL=3
[2017.07.29-04.01.15:242][358]LogSlate: Took 0.000170 seconds to synchronously load lazily loaded font '../../../Engine/Content/Slate/Fonts/Roboto-Light.ttf' (159K)
[2017.07.29-04.01.15:252][358]LightingResults: New page: Lighting Build
[2017.07.29-04.01.15:252][358]LoadErrors: New page: Loading map: StarterMap.umap
[2017.07.29-04.01.15:255][358]MapCheck: New page: Map Check
[2017.07.29-04.01.15:255][358]LightingResults: New page: Lighting Build
[2017.07.29-04.01.16:093][358]LogSlate: Took 0.000480 seconds to synchronously load lazily loaded font '../../../Engine/Content/Slate/Fonts/Roboto-Regular.ttf' (155K)
[2017.07.29-04.01.19:108][358]LogAIModule: Creating AISystem for world StarterMap
[2017.07.29-04.01.19:170][358]LogEditorServer: Finished looking for orphan Actors (0.000 secs)
[2017.07.29-04.01.19:209][358]Cmd: MAP CHECKDEP NOCLEARLOG
[2017.07.29-04.01.19:289][358]MapCheck: Info Map check complete: 0 Error(s), 0 Warning(s), took 80.108ms to complete.
[2017.07.29-04.01.19:289][358]LogFileHelpers: Loading map 'StarterMap' took 4.060
[2017.07.29-04.02.03:772][288]LogTemp: Repeting last play command: Selected Viewport
[2017.07.29-04.02.03:802][288]LogBlueprintUserMessages: Early PlayInEditor Detection: Level '/Game/StarterContent/Maps/StarterMap.StarterMap:PersistentLevel' has LevelScriptBlueprint '/Game/StarterContent/Maps/StarterMap.StarterMap:PersistentLevel.StarterMap' with GeneratedClass '/Game/StarterContent/Maps/StarterMap.StarterMap_C' with ClassGeneratedBy '/Game/StarterContent/Maps/StarterMap.StarterMap:PersistentLevel.StarterMap'
[2017.07.29-04.02.03:802][288]LogPlayLevel: PlayLevel: No blueprints needed recompiling
[2017.07.29-04.02.03:803][288]PIE: New page: PIE session: StarterMap (Jul 28, 2017, 8:02:03 PM)
[2017.07.29-04.02.03:803][288]LogPlayLevel: Creating play world package: /Game/StarterContent/Maps/UEDPIE_0_StarterMap
[2017.07.29-04.02.03:852][288]LogPlayLevel: PIE: StaticDuplicateObject took: (0.049006s)
[2017.07.29-04.02.03:853][288]LogAIModule: Creating AISystem for world StarterMap
[2017.07.29-04.02.03:853][288]LogPlayLevel: PIE: World Init took: (0.001249s)
[2017.07.29-04.02.03:853][288]LogPlayLevel: PIE: Created PIE world by copying editor world from /Game/StarterContent/Maps/StarterMap.StarterMap to /Game/StarterContent/Maps/UEDPIE_0_StarterMap.StarterMap (0.050605s)
[2017.07.29-04.02.03:876][288]LogInit: XAudio2 using 'Speakers (Realtek High Definition Audio)' : 6 channels at 48 kHz using 32 bits per sample (channel mask 0x3f)
[2017.07.29-04.02.03:889][288]LogInit: FAudioDevice initialized.
[2017.07.29-04.02.03:929][288]LogLoad: Game class is 'GameModeBase'
[2017.07.29-04.02.03:937][288]LogWorld: Bringing World /Game/StarterContent/Maps/UEDPIE_0_StarterMap.StarterMap up for play (max tick rate 0) at 2017.07.29-00.02.03
[2017.07.29-04.02.03:967][288]LogWorld: Bringing up level for play took: 0.035654
[2017.07.29-04.02.04:035][288]LogContentBrowser: Native class hierarchy updated for 'MovieSceneCapture' in 0.0007 seconds. Added 11 classes and 0 folders.
[2017.07.29-04.02.04:063][288]PIE: Info Play in editor start time for /Game/StarterContent/Maps/UEDPIE_0_StarterMap 0.296
[2017.07.29-04.02.04:064][288]LogBlueprintUserMessages: Late PlayInEditor Detection: Level '/Game/StarterContent/Maps/StarterMap.StarterMap:PersistentLevel' has LevelScriptBlueprint '/Game/StarterContent/Maps/StarterMap.StarterMap:PersistentLevel.StarterMap' with GeneratedClass '/Game/StarterContent/Maps/StarterMap.StarterMap_C' with ClassGeneratedBy '/Game/StarterContent/Maps/StarterMap.StarterMap:PersistentLevel.StarterMap'
[2017.07.29-04.03.13:049][ 96]LogBlueprintUserMessages: Early EndPlayMap Detection: Level '/Game/StarterContent/Maps/StarterMap.StarterMap:PersistentLevel' has LevelScriptBlueprint '/Game/StarterContent/Maps/StarterMap.StarterMap:PersistentLevel.StarterMap' with GeneratedClass '/Game/StarterContent/Maps/StarterMap.StarterMap_C' with ClassGeneratedBy '/Game/StarterContent/Maps/StarterMap.StarterMap:PersistentLevel.StarterMap'
[2017.07.29-04.03.13:082][ 96]LogBlueprintUserMessages: Late EndPlayMap Detection: Level '/Game/StarterContent/Maps/StarterMap.StarterMap:PersistentLevel' has LevelScriptBlueprint '/Game/StarterContent/Maps/StarterMap.StarterMap:PersistentLevel.StarterMap' with GeneratedClass '/Game/StarterContent/Maps/StarterMap.StarterMap_C' with ClassGeneratedBy '/Game/StarterContent/Maps/StarterMap.StarterMap:PersistentLevel.StarterMap'
[2017.07.29-04.03.17:026][435]LogBlueprintUserMessages: Early PlayInEditor Detection: Level '/Game/StarterContent/Maps/StarterMap.StarterMap:PersistentLevel' has LevelScriptBlueprint '/Game/StarterContent/Maps/StarterMap.StarterMap:PersistentLevel.StarterMap' with GeneratedClass '/Game/StarterContent/Maps/StarterMap.StarterMap_C' with ClassGeneratedBy '/Game/StarterContent/Maps/StarterMap.StarterMap:PersistentLevel.StarterMap'
[2017.07.29-04.03.17:026][435]LogPlayLevel: PlayLevel: No blueprints needed recompiling
[2017.07.29-04.03.17:026][435]PIE: New page: SIE session: StarterMap (Jul 28, 2017, 8:03:17 PM)
[2017.07.29-04.03.17:026][435]LogPlayLevel: Creating play world package: /Game/StarterContent/Maps/UEDPIE_0_StarterMap
[2017.07.29-04.03.17:078][435]LogPlayLevel: PIE: StaticDuplicateObject took: (0.051029s)
[2017.07.29-04.03.17:078][435]LogAIModule: Creating AISystem for world StarterMap
[2017.07.29-04.03.17:079][435]LogPlayLevel: PIE: World Init took: (0.000779s)
[2017.07.29-04.03.17:079][435]LogPlayLevel: PIE: Created PIE world by copying editor world from /Game/StarterContent/Maps/StarterMap.StarterMap to /Game/StarterContent/Maps/UEDPIE_0_StarterMap.StarterMap (0.052117s)
[2017.07.29-04.03.17:101][435]LogInit: XAudio2 using 'Speakers (Realtek High Definition Audio)' : 6 channels at 48 kHz using 32 bits per sample (channel mask 0x3f)
[2017.07.29-04.03.17:113][435]LogInit: FAudioDevice initialized.
[2017.07.29-04.03.17:164][435]LogLoad: Game class is 'GameModeBase'
[2017.07.29-04.03.17:171][435]LogWorld: Bringing World /Game/StarterContent/Maps/UEDPIE_0_StarterMap.StarterMap up for play (max tick rate 0) at 2017.07.29-00.03.17
[2017.07.29-04.03.17:172][435]LogWorld: Bringing up level for play took: 0.007467
[2017.07.29-04.03.17:174][435]PIE: Info Play in editor start time for /Game/StarterContent/Maps/UEDPIE_0_StarterMap -0.593
[2017.07.29-04.03.17:184][435]LogBlueprintUserMessages: Late PlayInEditor Detection: Level '/Game/StarterContent/Maps/StarterMap.StarterMap:PersistentLevel' has LevelScriptBlueprint '/Game/StarterContent/Maps/StarterMap.StarterMap:PersistentLevel.StarterMap' with GeneratedClass '/Game/StarterContent/Maps/StarterMap.StarterMap_C' with ClassGeneratedBy '/Game/StarterContent/Maps/StarterMap.StarterMap:PersistentLevel.StarterMap'
[2017.07.29-04.04.00:620][ 51]LogBlueprintUserMessages: Early EndPlayMap Detection: Level '/Game/StarterContent/Maps/StarterMap.StarterMap:PersistentLevel' has LevelScriptBlueprint '/Game/StarterContent/Maps/StarterMap.StarterMap:PersistentLevel.StarterMap' with GeneratedClass '/Game/StarterContent/Maps/StarterMap.StarterMap_C' with ClassGeneratedBy '/Game/StarterContent/Maps/StarterMap.StarterMap:PersistentLevel.StarterMap'
[2017.07.29-04.04.00:671][ 51]LogBlueprintUserMessages: Late EndPlayMap Detection: Level '/Game/StarterContent/Maps/StarterMap.StarterMap:PersistentLevel' has LevelScriptBlueprint '/Game/StarterContent/Maps/StarterMap.StarterMap:PersistentLevel.StarterMap' with GeneratedClass '/Game/StarterContent/Maps/StarterMap.StarterMap_C' with ClassGeneratedBy '/Game/StarterContent/Maps/StarterMap.StarterMap:PersistentLevel.StarterMap'
[2017.07.29-04.04.02:528][231]LogEditorViewport: Clicking on Actor (LMB): StaticMeshActor (Floor_36)
[2017.07.29-04.04.05:360][514]LogEditorViewport: Clicking on Actor (LMB): StaticMeshActor (MaterialSphere_31)
[2017.07.29-04.04.07:171][709]LogEditorViewport: Clicking on Actor (LMB): StaticMeshActor (MaterialSphere_31)
[2017.07.29-04.04.07:272][716]LogEditorViewport: Clicking on Component (LMB): StaticMeshComponent (StaticMeshComponent0)
[2017.07.29-04.04.07:917][784]LogEditorViewport: Clicking on Component (LMB): StaticMeshComponent (StaticMeshComponent0)
[2017.07.29-04.04.08:049][795]LogEditorViewport: Clicking on Actor (double click): StaticMeshActor (MaterialSphere_31)
[2017.07.29-04.04.09:420][901]LogMaterial: Missing cached shader map for material M_Tech_Hex_Tile_Pulse, compiling. 
[2017.07.29-04.04.09:520][901]LogMaterial: Missing cached shader map for material M_Tech_Hex_Tile_Pulse, compiling. 
[2017.07.29-04.04.09:535][901]LogMaterial: Missing cached shader map for material M_Tech_Hex_Tile_Pulse, compiling. 
[2017.07.29-04.04.09:577][901]LogMaterial: Missing cached shader map for material FMatExpressionPreview MaterialExpressionTextureSample_37, compiling. 
[2017.07.29-04.04.09:582][901]LogMaterial: Missing cached shader map for material FMatExpressionPreview MaterialExpressionTextureSample_38, compiling. 
[2017.07.29-04.04.09:586][901]LogMaterial: Missing cached shader map for material FMatExpressionPreview MaterialExpressionTextureSample_39, compiling. 
[2017.07.29-04.04.09:590][901]LogMaterial: Missing cached shader map for material FMatExpressionPreview MaterialExpressionBumpOffset_6, compiling. 
[2017.07.29-04.04.09:594][901]LogMaterial: Missing cached shader map for material FMatExpressionPreview MaterialExpressionTextureSample_40, compiling. 
[2017.07.29-04.04.09:598][901]LogMaterial: Missing cached shader map for material FMatExpressionPreview MaterialExpressionVectorParameter_24, compiling. 
[2017.07.29-04.04.09:602][901]LogMaterial: Missing cached shader map for material FMatExpressionPreview MaterialExpressionVectorParameter_25, compiling. 
[2017.07.29-04.04.09:610][901]LogSlate: Took 0.000328 seconds to synchronously load lazily loaded font '../../../Engine/Content/Editor/Slate/Fonts/Roboto-BoldCondensed.ttf' (158K)
[2017.07.29-04.04.09:788][902]LogSlate: Took 0.000231 seconds to synchronously load lazily loaded font '../../../Engine/Content/Editor/Slate/Fonts/Roboto-Italic.ttf' (157K)
[2017.07.29-04.04.12:673][103]LogFileManager:Warning: MoveFile was unable to move 'C:/Users/LuBay/AppData/Local/Temp/UnrealShaderWorkingDir/0B8634FF4CA42056D344AB957DEAAE5A/2C8E67E8B44D7C2D80567E992688FB7FC' to 'C:/Users/LuBay/AppData/Local/Temp/UnrealShaderWorkingDir/0B8634FF4CA42056D344AB957DEAAE5A/2/WorkerInputOnly.in', retrying in .5s...
[2017.07.29-04.04.13:182][137]LogFileManager:Warning: MoveFile recovered during retry!
[2017.07.29-04.04.14:887][252]MaterialEditorStats: Info Base pass shader: 103 instructions
[2017.07.29-04.04.14:887][252]MaterialEditorStats: Info Vertex shader: 31 instructions
[2017.07.29-04.04.14:887][252]MaterialEditorStats: Info Texture samplers: 6/16
[2017.07.29-04.04.14:887][252]MaterialEditorStats: Info User interpolators: 2/4 Scalars (1/4 Vectors) (TexCoords: 2, Custom: 0)
[2017.07.29-04.04.16:912][397]LogFileManager:Warning: Error deleting file: C:/Users/LuBay/AppData/Local/Temp/UnrealShaderWorkingDir/0B8634FF4CA42056D344AB957DEAAE5A/1/WorkerOutputOnly.out (Error Code 32)
[2017.07.29-04.06.45:377][884]LogTemp: Repeting last play command: Simulate
[2017.07.29-04.06.45:390][884]LogBlueprintUserMessages: Early PlayInEditor Detection: Level '/Game/StarterContent/Maps/StarterMap.StarterMap:PersistentLevel' has LevelScriptBlueprint '/Game/StarterContent/Maps/StarterMap.StarterMap:PersistentLevel.StarterMap' with GeneratedClass '/Game/StarterContent/Maps/StarterMap.StarterMap_C' with ClassGeneratedBy '/Game/StarterContent/Maps/StarterMap.StarterMap:PersistentLevel.StarterMap'
[2017.07.29-04.06.45:390][884]LogPlayLevel: PlayLevel: No blueprints needed recompiling
[2017.07.29-04.06.45:390][884]PIE: New page: SIE session: StarterMap (Jul 28, 2017, 8:06:45 PM)
[2017.07.29-04.06.45:390][884]LogPlayLevel: Creating play world package: /Game/StarterContent/Maps/UEDPIE_0_StarterMap
[2017.07.29-04.06.45:439][884]LogPlayLevel: PIE: StaticDuplicateObject took: (0.048559s)
[2017.07.29-04.06.45:440][884]LogAIModule: Creating AISystem for world StarterMap
[2017.07.29-04.06.45:440][884]LogPlayLevel: PIE: World Init took: (0.000928s)
[2017.07.29-04.06.45:440][884]LogPlayLevel: PIE: Created PIE world by copying editor world from /Game/StarterContent/Maps/StarterMap.StarterMap to /Game/StarterContent/Maps/UEDPIE_0_StarterMap.StarterMap (0.049758s)
[2017.07.29-04.06.45:456][884]LogInit: XAudio2 using 'Speakers (Realtek High Definition Audio)' : 6 channels at 48 kHz using 32 bits per sample (channel mask 0x3f)
[2017.07.29-04.06.45:466][884]LogInit: FAudioDevice initialized.
[2017.07.29-04.06.45:500][884]LogLoad: Game class is 'GameModeBase'
[2017.07.29-04.06.45:506][884]LogWorld: Bringing World /Game/StarterContent/Maps/UEDPIE_0_StarterMap.StarterMap up for play (max tick rate 0) at 2017.07.29-00.06.45
[2017.07.29-04.06.45:507][884]LogWorld: Bringing up level for play took: 0.006744
[2017.07.29-04.06.45:508][884]PIE: Info Play in editor start time for /Game/StarterContent/Maps/UEDPIE_0_StarterMap -0.259
[2017.07.29-04.06.45:528][884]LogBlueprintUserMessages: Late PlayInEditor Detection: Level '/Game/StarterContent/Maps/StarterMap.StarterMap:PersistentLevel' has LevelScriptBlueprint '/Game/StarterContent/Maps/StarterMap.StarterMap:PersistentLevel.StarterMap' with GeneratedClass '/Game/StarterContent/Maps/StarterMap.StarterMap_C' with ClassGeneratedBy '/Game/StarterContent/Maps/StarterMap.StarterMap:PersistentLevel.StarterMap'
[2017.07.29-04.07.06:413][993]LogBlueprintUserMessages: Early EndPlayMap Detection: Level '/Game/StarterContent/Maps/StarterMap.StarterMap:PersistentLevel' has LevelScriptBlueprint '/Game/StarterContent/Maps/StarterMap.StarterMap:PersistentLevel.StarterMap' with GeneratedClass '/Game/StarterContent/Maps/StarterMap.StarterMap_C' with ClassGeneratedBy '/Game/StarterContent/Maps/StarterMap.StarterMap:PersistentLevel.StarterMap'
[2017.07.29-04.07.06:458][993]LogBlueprintUserMessages: Late EndPlayMap Detection: Level '/Game/StarterContent/Maps/StarterMap.StarterMap:PersistentLevel' has LevelScriptBlueprint '/Game/StarterContent/Maps/StarterMap.StarterMap:PersistentLevel.StarterMap' with GeneratedClass '/Game/StarterContent/Maps/StarterMap.StarterMap_C' with ClassGeneratedBy '/Game/StarterContent/Maps/StarterMap.StarterMap:PersistentLevel.StarterMap'
[2017.07.29-04.07.12:607][391]LogMaterial: Missing cached shader map for material M_Tech_Hex_Tile_Pulse, compiling. 
[2017.07.29-04.07.12:624][391]LogMaterial: Missing cached shader map for material FMatExpressionPreview MaterialExpressionTextureSample_39, compiling. 
[2017.07.29-04.07.13:784][471]LogFileManager:Warning: MoveFile was unable to move 'C:/Users/LuBay/AppData/Local/Temp/UnrealShaderWorkingDir/0B8634FF4CA42056D344AB957DEAAE5A/02920569C4126F5B2B36C5F929B933A79' to 'C:/Users/LuBay/AppData/Local/Temp/UnrealShaderWorkingDir/0B8634FF4CA42056D344AB957DEAAE5A/0/WorkerInputOnly.in', retrying in .5s...
[2017.07.29-04.07.14:291][508]LogFileManager:Warning: MoveFile recovered during retry!
[2017.07.29-04.07.15:045][562]LogFileManager:Warning: MoveFile was unable to move 'C:/Users/LuBay/AppData/Local/Temp/UnrealShaderWorkingDir/0B8634FF4CA42056D344AB957DEAAE5A/157EFB0AB4D547569E5067DAF6A917267' to 'C:/Users/LuBay/AppData/Local/Temp/UnrealShaderWorkingDir/0B8634FF4CA42056D344AB957DEAAE5A/1/WorkerInputOnly.in', retrying in .5s...
[2017.07.29-04.07.15:534][597]LogFileManager:Warning: MoveFile recovered during retry!
[2017.07.29-04.07.16:367][657]LogMaterialEditor: Applying material M_Tech_Hex_Tile_Pulse
[2017.07.29-04.07.16:909][657]LogMaterial: Missing cached shader map for material M_Tech_Hex_Tile_Pulse, compiling. 
[2017.07.29-04.07.16:955][657]LogMaterial: Missing cached shader map for material M_Tech_Hex_Tile_Pulse, compiling. 
[2017.07.29-04.07.16:989][657]LogMaterial: Missing cached shader map for material M_Tech_Hex_Tile_Pulse, compiling. 
[2017.07.29-04.07.17:025][657]LogMaterial: Missing cached shader map for material FDebugViewModeMaterialProxy M_Tech_Hex_Tile_Pulse, compiling. 
[2017.07.29-04.07.18:540][657]LogFileManager:Warning: MoveFile was unable to move 'C:/Users/LuBay/AppData/Local/Temp/UnrealShaderWorkingDir/0B8634FF4CA42056D344AB957DEAAE5A/1CC4ECD4E4441EDC56A48AFB865404FE2' to 'C:/Users/LuBay/AppData/Local/Temp/UnrealShaderWorkingDir/0B8634FF4CA42056D344AB957DEAAE5A/1/WorkerInputOnly.in', retrying in .5s...
[2017.07.29-04.07.18:540][657]LogFileManager:Warning: MoveFile recovered during retry!
[2017.07.29-04.07.18:543][657]TextureStreamingBuild:Display: Compiling optional shaders took 1.523 seconds.
[2017.07.29-04.07.22:877][ 55]LogEditorViewport: Clicking on Actor (LMB): BP_Sky_Sphere_C (BP_Sky_Shere)
[2017.07.29-04.07.23:894][158]MaterialEditorStats: Info Base pass shader: 103 instructions
[2017.07.29-04.07.23:894][158]MaterialEditorStats: Info Vertex shader: 31 instructions
[2017.07.29-04.07.23:894][158]MaterialEditorStats: Info Texture samplers: 6/16
[2017.07.29-04.07.23:894][158]MaterialEditorStats: Info User interpolators: 2/4 Scalars (1/4 Vectors) (TexCoords: 2, Custom: 0)
[2017.07.29-04.07.27:189][486]LogTemp: Repeting last play command: Simulate
[2017.07.29-04.07.27:200][486]LogBlueprintUserMessages: Early PlayInEditor Detection: Level '/Game/StarterContent/Maps/StarterMap.StarterMap:PersistentLevel' has LevelScriptBlueprint '/Game/StarterContent/Maps/StarterMap.StarterMap:PersistentLevel.StarterMap' with GeneratedClass '/Game/StarterContent/Maps/StarterMap.StarterMap_C' with ClassGeneratedBy '/Game/StarterContent/Maps/StarterMap.StarterMap:PersistentLevel.StarterMap'
[2017.07.29-04.07.27:200][486]LogPlayLevel: PlayLevel: No blueprints needed recompiling
[2017.07.29-04.07.27:200][486]PIE: New page: SIE session: StarterMap (Jul 28, 2017, 8:07:27 PM)
[2017.07.29-04.07.27:201][486]LogPlayLevel: Creating play world package: /Game/StarterContent/Maps/UEDPIE_0_StarterMap
[2017.07.29-04.07.27:248][486]LogPlayLevel: PIE: StaticDuplicateObject took: (0.047298s)
[2017.07.29-04.07.27:248][486]LogAIModule: Creating AISystem for world StarterMap
[2017.07.29-04.07.27:249][486]LogPlayLevel: PIE: World Init took: (0.000785s)
[2017.07.29-04.07.27:249][486]LogPlayLevel: PIE: Created PIE world by copying editor world from /Game/StarterContent/Maps/StarterMap.StarterMap to /Game/StarterContent/Maps/UEDPIE_0_StarterMap.StarterMap (0.048343s)
[2017.07.29-04.07.27:263][486]LogInit: XAudio2 using 'Speakers (Realtek High Definition Audio)' : 6 channels at 48 kHz using 32 bits per sample (channel mask 0x3f)
[2017.07.29-04.07.27:272][486]LogInit: FAudioDevice initialized.
[2017.07.29-04.07.27:301][486]LogLoad: Game class is 'GameModeBase'
[2017.07.29-04.07.27:307][486]LogWorld: Bringing World /Game/StarterContent/Maps/UEDPIE_0_StarterMap.StarterMap up for play (max tick rate 0) at 2017.07.29-00.07.27
[2017.07.29-04.07.27:308][486]LogWorld: Bringing up level for play took: 0.006752
[2017.07.29-04.07.27:309][486]PIE: Info Play in editor start time for /Game/StarterContent/Maps/UEDPIE_0_StarterMap -0.458
[2017.07.29-04.07.27:318][486]LogBlueprintUserMessages: Late PlayInEditor Detection: Level '/Game/StarterContent/Maps/StarterMap.StarterMap:PersistentLevel' has LevelScriptBlueprint '/Game/StarterContent/Maps/StarterMap.StarterMap:PersistentLevel.StarterMap' with GeneratedClass '/Game/StarterContent/Maps/StarterMap.StarterMap_C' with ClassGeneratedBy '/Game/StarterContent/Maps/StarterMap.StarterMap:PersistentLevel.StarterMap'
[2017.07.29-04.07.53:575][832]LogBlueprintUserMessages: Early EndPlayMap Detection: Level '/Game/StarterContent/Maps/StarterMap.StarterMap:PersistentLevel' has LevelScriptBlueprint '/Game/StarterContent/Maps/StarterMap.StarterMap:PersistentLevel.StarterMap' with GeneratedClass '/Game/StarterContent/Maps/StarterMap.StarterMap_C' with ClassGeneratedBy '/Game/StarterContent/Maps/StarterMap.StarterMap:PersistentLevel.StarterMap'
[2017.07.29-04.07.53:617][832]LogBlueprintUserMessages: Late EndPlayMap Detection: Level '/Game/StarterContent/Maps/StarterMap.StarterMap:PersistentLevel' has LevelScriptBlueprint '/Game/StarterContent/Maps/StarterMap.StarterMap:PersistentLevel.StarterMap' with GeneratedClass '/Game/StarterContent/Maps/StarterMap.StarterMap_C' with ClassGeneratedBy '/Game/StarterContent/Maps/StarterMap.StarterMap:PersistentLevel.StarterMap'
[2017.07.29-04.07.59:621][427]LogTemp: Repeting last play command: Simulate
[2017.07.29-04.07.59:633][427]LogBlueprintUserMessages: Early PlayInEditor Detection: Level '/Game/StarterContent/Maps/StarterMap.StarterMap:PersistentLevel' has LevelScriptBlueprint '/Game/StarterContent/Maps/StarterMap.StarterMap:PersistentLevel.StarterMap' with GeneratedClass '/Game/StarterContent/Maps/StarterMap.StarterMap_C' with ClassGeneratedBy '/Game/StarterContent/Maps/StarterMap.StarterMap:PersistentLevel.StarterMap'
[2017.07.29-04.07.59:633][427]LogPlayLevel: PlayLevel: No blueprints needed recompiling
[2017.07.29-04.07.59:633][427]PIE: New page: SIE session: StarterMap (Jul 28, 2017, 8:07:59 PM)
[2017.07.29-04.07.59:634][427]LogPlayLevel: Creating play world package: /Game/StarterContent/Maps/UEDPIE_0_StarterMap
[2017.07.29-04.07.59:681][427]LogPlayLevel: PIE: StaticDuplicateObject took: (0.047430s)
[2017.07.29-04.07.59:682][427]LogAIModule: Creating AISystem for world StarterMap
[2017.07.29-04.07.59:682][427]LogPlayLevel: PIE: World Init took: (0.000837s)
[2017.07.29-04.07.59:683][427]LogPlayLevel: PIE: Created PIE world by copying editor world from /Game/StarterContent/Maps/StarterMap.StarterMap to /Game/StarterContent/Maps/UEDPIE_0_StarterMap.StarterMap (0.048629s)
[2017.07.29-04.07.59:698][427]LogInit: XAudio2 using 'Speakers (Realtek High Definition Audio)' : 6 channels at 48 kHz using 32 bits per sample (channel mask 0x3f)
[2017.07.29-04.07.59:708][427]LogInit: FAudioDevice initialized.
[2017.07.29-04.07.59:738][427]LogLoad: Game class is 'GameModeBase'
[2017.07.29-04.07.59:745][427]LogWorld: Bringing World /Game/StarterContent/Maps/UEDPIE_0_StarterMap.StarterMap up for play (max tick rate 0) at 2017.07.29-00.07.59
[2017.07.29-04.07.59:746][427]LogWorld: Bringing up level for play took: 0.007258
[2017.07.29-04.07.59:747][427]PIE: Info Play in editor start time for /Game/StarterContent/Maps/UEDPIE_0_StarterMap -0.02
[2017.07.29-04.07.59:757][427]LogBlueprintUserMessages: Late PlayInEditor Detection: Level '/Game/StarterContent/Maps/StarterMap.StarterMap:PersistentLevel' has LevelScriptBlueprint '/Game/StarterContent/Maps/StarterMap.StarterMap:PersistentLevel.StarterMap' with GeneratedClass '/Game/StarterContent/Maps/StarterMap.StarterMap_C' with ClassGeneratedBy '/Game/StarterContent/Maps/StarterMap.StarterMap:PersistentLevel.StarterMap'
[2017.07.29-04.08.02:690][755]LogBlueprintUserMessages: Early EndPlayMap Detection: Level '/Game/StarterContent/Maps/StarterMap.StarterMap:PersistentLevel' has LevelScriptBlueprint '/Game/StarterContent/Maps/StarterMap.StarterMap:PersistentLevel.StarterMap' with GeneratedClass '/Game/StarterContent/Maps/StarterMap.StarterMap_C' with ClassGeneratedBy '/Game/StarterContent/Maps/StarterMap.StarterMap:PersistentLevel.StarterMap'
[2017.07.29-04.08.02:727][755]LogBlueprintUserMessages: Late EndPlayMap Detection: Level '/Game/StarterContent/Maps/StarterMap.StarterMap:PersistentLevel' has LevelScriptBlueprint '/Game/StarterContent/Maps/StarterMap.StarterMap:PersistentLevel.StarterMap' with GeneratedClass '/Game/StarterContent/Maps/StarterMap.StarterMap_C' with ClassGeneratedBy '/Game/StarterContent/Maps/StarterMap.StarterMap:PersistentLevel.StarterMap'
[2017.07.29-04.08.23:791][314]Cmd: QUIT_EDITOR
[2017.07.29-04.08.24:132][314]LogWindowsTextInputMethodSystem:Display: IME system now deactivated.
[2017.07.29-04.08.24:155][314]LogExit: Preparing to exit.
[2017.07.29-04.08.24:845][314]LogDirectoryWatcher: A directory notification for 'D:/Unreal Projects/MyProject/Content/' was aborted.
[2017.07.29-04.08.24:887][314]LogExit: Editor shut down
[2017.07.29-04.08.24:893][314]LogExit: Transaction tracking system shut down
[2017.07.29-04.08.24:962][314]LogObj: Freed 0b from 0 cluster array pools.
[2017.07.29-04.08.24:962][314]LogExit: Object subsystem successfully closed.
[2017.07.29-04.08.24:980][314]LogD3D11RHI: Shutdown
[2017.07.29-04.08.24:980][314]LogD3D11RHI: CleanupD3DDevice
[2017.07.29-04.08.25:132][314]LogD3D11RHI: ~FD3D11DynamicRHI
[2017.07.29-04.08.25:140][314]LogModuleManager: Shutting down and abandoning module MaterialEditor (528)
[2017.07.29-04.08.25:140][314]LogModuleManager: Shutting down and abandoning module MovieSceneCapture (526)
[2017.07.29-04.08.25:140][314]LogModuleManager: Shutting down and abandoning module HierarchicalLODOutliner (524)
[2017.07.29-04.08.25:140][314]LogModuleManager: Shutting down and abandoning module CrashTracker (522)
[2017.07.29-04.08.25:140][314]LogModuleManager: Shutting down and abandoning module SceneOutliner (520)
[2017.07.29-04.08.25:140][314]LogModuleManager: Shutting down and abandoning module AddContentDialog (518)
[2017.07.29-04.08.25:140][314]LogDirectoryWatcher: A directory notification for 'D:/Games/UE_4.16/FeaturePacks/' was aborted.
[2017.07.29-04.08.25:140][314]LogModuleManager: Shutting down and abandoning module WidgetCarousel (517)
[2017.07.29-04.08.25:140][314]LogModuleManager: Shutting down and abandoning module EditorWidgets (514)
[2017.07.29-04.08.25:140][314]LogModuleManager: Shutting down and abandoning module CollectionManager (512)
[2017.07.29-04.08.25:141][314]LogDirectoryWatcher: A directory notification for 'D:/Unreal Projects/MyProject/Content/Collections/' was aborted.
[2017.07.29-04.08.25:141][314]LogDirectoryWatcher: A directory notification for 'D:/Unreal Projects/MyProject/Content/Developers/LuBay/Collections/' was aborted.
[2017.07.29-04.08.25:141][314]LogDirectoryWatcher: A directory notification for 'D:/Unreal Projects/MyProject/Saved/Collections/' was aborted.
[2017.07.29-04.08.25:141][314]LogModuleManager: Shutting down and abandoning module StatsViewer (510)
[2017.07.29-04.08.25:141][314]LogModuleManager: Shutting down and abandoning module FoliageEdit (508)
[2017.07.29-04.08.25:141][314]LogModuleManager: Shutting down and abandoning module LandscapeEditor (506)
[2017.07.29-04.08.25:141][314]LogModuleManager: Shutting down and abandoning module MeshPaintMode (504)
[2017.07.29-04.08.25:141][314]LogModuleManager: Shutting down and abandoning module SceneDepthPickerMode (502)
[2017.07.29-04.08.25:141][314]LogModuleManager: Shutting down and abandoning module ActorPickerMode (500)
[2017.07.29-04.08.25:141][314]LogModuleManager: Shutting down and abandoning module GeometryMode (498)
[2017.07.29-04.08.25:141][314]LogModuleManager: Shutting down and abandoning module TextureAlignMode (496)
[2017.07.29-04.08.25:141][314]LogModuleManager: Shutting down and abandoning module BspMode (494)
[2017.07.29-04.08.25:141][314]LogModuleManager: Shutting down and abandoning module HardwareSurvey (492)
[2017.07.29-04.08.25:141][314]LogModuleManager: Shutting down and abandoning module SequenceRecorderSections (490)
[2017.07.29-04.08.25:141][314]LogModuleManager: Shutting down and abandoning module AutomationWorker (488)
[2017.07.29-04.08.25:141][314]LogModuleManager: Shutting down and abandoning module MatineeToLevelSequence (486)
[2017.07.29-04.08.25:141][314]LogModuleManager: Shutting down and abandoning module LevelSequenceEditor (484)
[2017.07.29-04.08.25:141][314]LogModuleManager: Shutting down and abandoning module PlacementMode (483)
[2017.07.29-04.08.25:141][314]LogModuleManager: Shutting down and abandoning module WmfMediaFactory (480)
[2017.07.29-04.08.25:141][314]LogModuleManager: Shutting down and abandoning module WmfMediaEditor (478)
[2017.07.29-04.08.25:141][314]LogModuleManager: Shutting down and abandoning module AvfMediaFactory (476)
[2017.07.29-04.08.25:141][314]LogModuleManager: Shutting down and abandoning module AvfMediaEditor (474)
[2017.07.29-04.08.25:141][314]LogModuleManager: Shutting down and abandoning module AndroidMediaFactory (472)
[2017.07.29-04.08.25:141][314]LogModuleManager: Shutting down and abandoning module Media (471)
[2017.07.29-04.08.25:141][314]LogModuleManager: Shutting down and abandoning module AndroidMediaEditor (468)
[2017.07.29-04.08.25:141][314]LogModuleManager: Shutting down and abandoning module CharacterAI (466)
[2017.07.29-04.08.25:141][314]LogModuleManager: Shutting down and abandoning module AudioCapture (464)
[2017.07.29-04.08.25:141][314]LogModuleManager: Shutting down and abandoning module SequenceRecorder (463)
[2017.07.29-04.08.25:141][314]LogModuleManager: Shutting down and abandoning module SmartSnapping (460)
[2017.07.29-04.08.25:141][314]LogModuleManager: Shutting down and abandoning module SessionServices (458)
[2017.07.29-04.08.25:141][314]LogModuleManager: Shutting down and abandoning module ViewportSnapping (456)
[2017.07.29-04.08.25:141][314]LogModuleManager: Shutting down and abandoning module ViewportInteraction (454)
[2017.07.29-04.08.25:141][314]LogModuleManager: Shutting down and abandoning module ClothPainter (452)
[2017.07.29-04.08.25:141][314]LogModuleManager: Shutting down and abandoning module LogVisualizer (450)
[2017.07.29-04.08.25:141][314]LogModuleManager: Shutting down and abandoning module IntroTutorials (448)
[2017.07.29-04.08.25:141][314]LogModuleManager: Shutting down and abandoning module GameProjectGeneration (447)
[2017.07.29-04.08.25:141][314]LogModuleManager: Shutting down and abandoning module EditorLiveStreaming (444)
[2017.07.29-04.08.25:141][314]LogModuleManager: Shutting down and abandoning module IOSPlatformEditor (442)
[2017.07.29-04.08.25:141][314]LogModuleManager: Shutting down and abandoning module HTML5PlatformEditor (440)
[2017.07.29-04.08.25:141][314]LogModuleManager: Shutting down and abandoning module AndroidPlatformEditor (438)
[2017.07.29-04.08.25:141][314]LogModuleManager: Shutting down and abandoning module AndroidDeviceDetection (437)
[2017.07.29-04.08.25:447][314]LogModuleManager: Shutting down and abandoning module IOSRuntimeSettings (434)
[2017.07.29-04.08.25:447][314]LogModuleManager: Shutting down and abandoning module AndroidRuntimeSettings (432)
[2017.07.29-04.08.25:447][314]LogModuleManager: Shutting down and abandoning module InputBindingEditor (430)
[2017.07.29-04.08.25:447][314]LogModuleManager: Shutting down and abandoning module MergeActors (428)
[2017.07.29-04.08.25:447][314]LogModuleManager: Shutting down and abandoning module SizeMap (426)
[2017.07.29-04.08.25:447][314]LogModuleManager: Shutting down and abandoning module TreeMap (424)
[2017.07.29-04.08.25:447][314]LogModuleManager: Shutting down and abandoning module ReferenceViewer (422)
[2017.07.29-04.08.25:447][314]LogModuleManager: Shutting down and abandoning module LocalizationDashboard (420)
[2017.07.29-04.08.25:447][314]LogModuleManager: Shutting down and abandoning module LocalizationService (419)
[2017.07.29-04.08.25:447][314]LogModuleManager: Shutting down and abandoning module HardwareTargeting (416)
[2017.07.29-04.08.25:447][314]LogModuleManager: Shutting down and abandoning module DeviceProfileEditor (414)
[2017.07.29-04.08.25:447][314]LogModuleManager: Shutting down and abandoning module UndoHistory (412)
[2017.07.29-04.08.25:447][314]LogModuleManager: Shutting down and abandoning module UserFeedback (410)
[2017.07.29-04.08.25:447][314]LogModuleManager: Shutting down and abandoning module XmlParser (408)
[2017.07.29-04.08.25:447][314]LogModuleManager: Shutting down and abandoning module Blutility (406)
[2017.07.29-04.08.25:447][314]LogModuleManager: Shutting down and abandoning module ProjectSettingsViewer (404)
[2017.07.29-04.08.25:447][314]LogModuleManager: Shutting down and abandoning module ProjectTargetPlatformEditor (403)
[2017.07.29-04.08.25:448][314]LogModuleManager: Shutting down and abandoning module EditorSettingsViewer (400)
[2017.07.29-04.08.25:448][314]LogModuleManager: Shutting down and abandoning module SettingsEditor (398)
[2017.07.29-04.08.25:448][314]LogModuleManager: Shutting down and abandoning module ProjectLauncher (396)
[2017.07.29-04.08.25:448][314]LogModuleManager: Shutting down and abandoning module SessionFrontend (394)
[2017.07.29-04.08.25:448][314]LogModuleManager: Shutting down and abandoning module ProfilerClient (392)
[2017.07.29-04.08.25:448][314]LogModuleManager: Shutting down and abandoning module DeviceManager (390)
[2017.07.29-04.08.25:448][314]LogModuleManager: Shutting down and abandoning module TargetDeviceServices (389)
[2017.07.29-04.08.25:501][314]LogModuleManager: Shutting down and abandoning module AutomationController (386)
[2017.07.29-04.08.25:501][314]LogModuleManager: Shutting down and abandoning module AutomationWindow (384)
[2017.07.29-04.08.25:501][314]LogModuleManager: Shutting down and abandoning module Layers (382)
[2017.07.29-04.08.25:502][314]LogModuleManager: Shutting down and abandoning module ComponentVisualizers (380)
[2017.07.29-04.08.25:502][314]LogModuleManager: Shutting down and abandoning module DetailCustomizations (378)
[2017.07.29-04.08.25:502][314]LogModuleManager: Shutting down and abandoning module PackagesDialog (376)
[2017.07.29-04.08.25:502][314]LogModuleManager: Shutting down and abandoning module Persona (374)
[2017.07.29-04.08.25:503][314]LogModuleManager: Shutting down and abandoning module AdvancedPreviewScene (373)
[2017.07.29-04.08.25:503][314]LogModuleManager: Shutting down and abandoning module AnimGraph (371)
[2017.07.29-04.08.25:503][314]LogModuleManager: Shutting down and abandoning module Kismet (368)
[2017.07.29-04.08.25:504][314]LogModuleManager: Shutting down and abandoning module ClassViewer (366)
[2017.07.29-04.08.25:504][314]LogModuleManager: Shutting down and abandoning module Toolbox (364)
[2017.07.29-04.08.25:504][314]LogModuleManager: Shutting down and abandoning module ModuleUI (362)
[2017.07.29-04.08.25:504][314]LogModuleManager: Shutting down and abandoning module MovieSceneTools (360)
[2017.07.29-04.08.25:504][314]LogModuleManager: Shutting down and abandoning module OutputLog (358)
[2017.07.29-04.08.25:504][314]LogModuleManager: Shutting down and abandoning module GammaUI (356)
[2017.07.29-04.08.25:504][314]LogModuleManager: Shutting down and abandoning module Documentation (354)
[2017.07.29-04.08.25:504][314]LogModuleManager: Shutting down and abandoning module MovieSceneTracks (352)
[2017.07.29-04.08.25:504][314]LogModuleManager: Shutting down and abandoning module MovieScene (350)
[2017.07.29-04.08.25:504][314]LogModuleManager: Shutting down and abandoning module Niagara (348)
[2017.07.29-04.08.25:504][314]LogModuleManager: Shutting down and abandoning module NiagaraEditor (347)
[2017.07.29-04.08.25:505][314]LogModuleManager: Shutting down and abandoning module StreamingPauseRendering (344)
[2017.07.29-04.08.25:505][314]LogModuleManager: Shutting down and abandoning module AnalyticsET (342)
[2017.07.29-04.08.25:505][314]LogModuleManager: Shutting down and abandoning module PortalServices (340)
[2017.07.29-04.08.25:505][314]LogModuleManager: Shutting down and abandoning module PortalRpc (338)
[2017.07.29-04.08.25:505][314]LogModuleManager: Shutting down and abandoning module MessagingRpc (336)
[2017.07.29-04.08.25:505][314]LogModuleManager: Shutting down and abandoning module AIModule (334)
[2017.07.29-04.08.25:505][314]LogModuleManager: Shutting down and abandoning module GameplayDebugger (333)
[2017.07.29-04.08.25:505][314]LogModuleManager: Shutting down and abandoning module AITestSuite (331)
[2017.07.29-04.08.25:505][314]LogModuleManager: Shutting down and abandoning module ProfilerService (328)
[2017.07.29-04.08.25:720][314]LogModuleManager: Shutting down and abandoning module TaskGraph (326)
[2017.07.29-04.08.25:720][314]LogModuleManager: Shutting down and abandoning module SteamVRController (324)
[2017.07.29-04.08.25:720][314]LogModuleManager: Shutting down and abandoning module SteamVR (322)
[2017.07.29-04.08.25:720][314]LogModuleManager: Shutting down and abandoning module ProceduralMeshComponentEditor (320)
[2017.07.29-04.08.25:720][314]LogModuleManager: Shutting down and abandoning module ProceduralMeshComponent (318)
[2017.07.29-04.08.25:720][314]LogModuleManager: Shutting down and abandoning module OculusLibrary (316)
[2017.07.29-04.08.25:720][314]LogModuleManager: Shutting down and abandoning module OculusInput (314)
[2017.07.29-04.08.25:720][314]LogModuleManager: Shutting down and abandoning module MobilePatchingUtils (312)
[2017.07.29-04.08.25:720][314]LogModuleManager: Shutting down and abandoning module CustomMeshComponent (310)
[2017.07.29-04.08.25:720][314]LogModuleManager: Shutting down and abandoning module CableComponent (308)
[2017.07.29-04.08.25:720][314]LogModuleManager: Shutting down and abandoning module ArchVisCharacter (306)
[2017.07.29-04.08.25:720][314]LogModuleManager: Shutting down and abandoning module AndroidPermission (304)
[2017.07.29-04.08.25:720][314]LogModuleManager: Shutting down and abandoning module MediaPlayerEditor (300)
[2017.07.29-04.08.25:720][314]LogModuleManager: Shutting down and abandoning module HTML5Networking (298)
[2017.07.29-04.08.25:720][314]LogModuleManager: Shutting down and abandoning module AlembicImporter (296)
[2017.07.29-04.08.25:720][314]LogModuleManager: Shutting down and abandoning module AlembicLibrary (295)
[2017.07.29-04.08.25:720][314]LogModuleManager: Shutting down and abandoning module GeometryCache (294)
[2017.07.29-04.08.25:720][314]LogModuleManager: Shutting down and abandoning module GeometryCacheEd (293)
[2017.07.29-04.08.25:720][314]LogModuleManager: Shutting down and abandoning module SuperSearchEditor (288)
[2017.07.29-04.08.25:720][314]LogModuleManager: Shutting down and abandoning module SuperSearch (287)
[2017.07.29-04.08.25:720][314]LogModuleManager: Shutting down and abandoning module SpeedTreeImporter (284)
[2017.07.29-04.08.25:720][314]LogModuleManager: Shutting down and abandoning module PluginBrowser (282)
[2017.07.29-04.08.25:720][314]LogModuleManager: Shutting down and abandoning module MobileLauncherProfileWizard (280)
[2017.07.29-04.08.25:720][314]LogModuleManager: Shutting down and abandoning module VisualStudioSourceCodeAccess (278)
[2017.07.29-04.08.25:720][314]LogModuleManager: Shutting down and abandoning module DesktopPlatform (277)
[2017.07.29-04.08.25:720][314]LogModuleManager: Shutting down and abandoning module UObjectPlugin (274)
[2017.07.29-04.08.25:720][314]LogModuleManager: Shutting down and abandoning module SubversionSourceControl (272)
[2017.07.29-04.08.25:720][314]LogModuleManager: Shutting down and abandoning module PerforceSourceControl (270)
[2017.07.29-04.08.25:720][314]LogModuleManager: Shutting down and abandoning module GitSourceControl (268)
[2017.07.29-04.08.25:720][314]LogModuleManager: Shutting down and abandoning module SourceControl (267)
[2017.07.29-04.08.25:720][314]LogModuleManager: Shutting down and abandoning module LightPropagationVolumeEditor (264)
[2017.07.29-04.08.25:720][314]LogModuleManager: Shutting down and abandoning module PaperTiledImporter (262)
[2017.07.29-04.08.25:720][314]LogModuleManager: Shutting down and abandoning module PaperSpriteSheetImporter (260)
[2017.07.29-04.08.25:720][314]LogModuleManager: Shutting down and abandoning module Paper2DEditor (258)
[2017.07.29-04.08.25:720][314]LogModuleManager: Shutting down and abandoning module MeshPaint (257)
[2017.07.29-04.08.25:720][314]LogModuleManager: Shutting down and abandoning module LevelEditor (255)
[2017.07.29-04.08.25:721][314]LogModuleManager: Shutting down and abandoning module PixelInspectorModule (254)
[2017.07.29-04.08.25:721][314]LogModuleManager: Shutting down and abandoning module MainFrame (252)
[2017.07.29-04.08.25:721][314]LogModuleManager: Shutting down and abandoning module HotReload (251)
[2017.07.29-04.08.25:722][314]LogModuleManager: Shutting down and abandoning module PhysXVehiclesEditor (246)
[2017.07.29-04.08.25:722][314]LogModuleManager: Shutting down and abandoning module PhysXVehicles (244)
[2017.07.29-04.08.25:722][314]LogModuleManager: Shutting down and abandoning module LocationServicesBPLibrary (242)
[2017.07.29-04.08.25:722][314]LogModuleManager: Shutting down and abandoning module ImmediatePhysicsEditor (240)
[2017.07.29-04.08.25:722][314]LogModuleManager: Shutting down and abandoning module ImmediatePhysics (238)
[2017.07.29-04.08.25:722][314]LogModuleManager: Shutting down and abandoning module UdpMessaging (236)
[2017.07.29-04.08.25:823][314]LogModuleManager: Shutting down and abandoning module TcpMessaging (234)
[2017.07.29-04.08.25:923][314]LogModuleManager: Shutting down and abandoning module GameplayTagsEditor (232)
[2017.07.29-04.08.25:923][314]LogModuleManager: Shutting down and abandoning module FacialAnimationEditor (230)
[2017.07.29-04.08.25:923][314]LogModuleManager: Shutting down and abandoning module FacialAnimation (228)
[2017.07.29-04.08.25:923][314]LogModuleManager: Shutting down and abandoning module AssetManagerEditor (226)
[2017.07.29-04.08.25:924][314]LogModuleManager: Shutting down and abandoning module GraphEditor (225)
[2017.07.29-04.08.25:924][314]LogModuleManager: Shutting down and abandoning module ContentBrowser (223)
[2017.07.29-04.08.25:926][314]LogModuleManager: Shutting down and abandoning module LightPropagationVolumeRuntime (220)
[2017.07.29-04.08.25:926][314]LogModuleManager: Shutting down and abandoning module Paper2D (218)
[2017.07.29-04.08.25:926][314]LogModuleManager: Shutting down and abandoning module WindowsMoviePlayer (216)
[2017.07.29-04.08.25:926][314]LogModuleManager: Shutting down and abandoning module WmfMedia (214)
[2017.07.29-04.08.25:926][314]LogModuleManager: Shutting down and abandoning module ClothingSystemEditor (212)
[2017.07.29-04.08.25:927][314]LogModuleManager: Shutting down and abandoning module ClothingSystemRuntime (210)
[2017.07.29-04.08.25:927][314]LogModuleManager: Shutting down and abandoning module MediaAssets (208)
[2017.07.29-04.08.25:927][314]LogModuleManager: Shutting down and abandoning module GameLiveStreaming (206)
[2017.07.29-04.08.25:927][314]LogModuleManager: Shutting down and abandoning module VREditor (204)
[2017.07.29-04.08.25:927][314]LogModuleManager: Shutting down and abandoning module StringTableEditor (202)
[2017.07.29-04.08.25:927][314]LogModuleManager: Shutting down and abandoning module GameplayTasksEditor (200)
[2017.07.29-04.08.25:927][314]LogModuleManager: Shutting down and abandoning module BehaviorTreeEditor (198)
[2017.07.29-04.08.25:927][314]LogModuleManager: Shutting down and abandoning module FunctionalTesting (196)
[2017.07.29-04.08.25:927][314]LogModuleManager: Shutting down and abandoning module CollisionAnalyzer (194)
[2017.07.29-04.08.25:927][314]LogModuleManager: Shutting down and abandoning module UMG (192)
[2017.07.29-04.08.25:927][314]LogModuleManager: Shutting down and abandoning module UMGEditor (191)
[2017.07.29-04.08.25:927][314]LogModuleManager: Shutting down and abandoning module Sequencer (190)
[2017.07.29-04.08.25:928][314]LogModuleManager: Shutting down and abandoning module AssetTools (188)
[2017.07.29-04.08.25:928][314]LogModuleManager: Shutting down and abandoning module MessageLog (187)
[2017.07.29-04.08.25:928][314]LogModuleManager: Shutting down and abandoning module WorkspaceMenuStructure (186)
[2017.07.29-04.08.25:928][314]LogModuleManager: Shutting down and abandoning module SlateReflector (180)
[2017.07.29-04.08.25:928][314]LogModuleManager: Shutting down and abandoning module Slate (178)
[2017.07.29-04.08.25:928][314]LogModuleManager: Shutting down and abandoning module EditorStyle (176)
[2017.07.29-04.08.25:934][314]LogModuleManager: Shutting down and abandoning module SourceCodeAccess (174)
[2017.07.29-04.08.25:934][314]LogModuleManager: Shutting down and abandoning module HeadMountedDisplay (172)
[2017.07.29-04.08.25:934][314]LogModuleManager: Shutting down and abandoning module XAudio2 (170)
[2017.07.29-04.08.25:935][314]LogModuleManager: Shutting down and abandoning module Networking (168)
[2017.07.29-04.08.25:935][314]LogModuleManager: Shutting down and abandoning module Core (164)
[2017.07.29-04.08.25:935][314]LogModuleManager: Shutting down and abandoning module AssetRegistry (162)
[2017.07.29-04.08.26:063][314]LogDirectoryWatcher: A directory notification for '../../../Engine/Content/' was aborted.
[2017.07.29-04.08.26:063][314]LogDirectoryWatcher: A directory notification for '../../../../../Unreal Projects/MyProject/Content/' was aborted.
[2017.07.29-04.08.26:063][314]LogDirectoryWatcher: A directory notification for '../../../Engine/Plugins/2D/Paper2D/Content/' was aborted.
[2017.07.29-04.08.26:063][314]LogDirectoryWatcher: A directory notification for '../../../Engine/Plugins/Runtime/GearVR/Content/' was aborted.
[2017.07.29-04.08.26:065][314]LogModuleManager: Shutting down and abandoning module DirectoryWatcher (161)
[2017.07.29-04.08.26:065][314]LogModuleManager: Shutting down and abandoning module KismetCompiler (158)
[2017.07.29-04.08.26:065][314]LogModuleManager: Shutting down and abandoning module LevelSequence (156)
[2017.07.29-04.08.26:065][314]LogModuleManager: Shutting down and abandoning module PhysXFormats (154)
[2017.07.29-04.08.26:065][314]LogModuleManager: Shutting down and abandoning module MeshUtilities (152)
[2017.07.29-04.08.26:065][314]LogModuleManager: Shutting down and abandoning module SimplygonSwarm (151)
[2017.07.29-04.08.26:065][314]LogModuleManager: Shutting down and abandoning module SimplygonMeshReduction (149)
[2017.07.29-04.08.26:065][314]LogModuleManager: Shutting down and abandoning module QuadricMeshReduction (147)
[2017.07.29-04.08.26:065][314]LogModuleManager: Shutting down and abandoning module DerivedDataCache (144)
[2017.07.29-04.08.26:106][314]LogDerivedDataCache: Shutdown
[2017.07.29-04.08.26:106][314]LogModuleManager: Shutting down and abandoning module TargetPlatform (142)
[2017.07.29-04.08.26:106][314]LogModuleManager: Shutting down and abandoning module VulkanShaderFormat (141)
[2017.07.29-04.08.26:106][314]LogModuleManager: Shutting down and abandoning module ShaderFormatVectorVM (139)
[2017.07.29-04.08.26:106][314]LogModuleManager: Shutting down and abandoning module ShaderFormatOpenGL (137)
[2017.07.29-04.08.26:106][314]LogModuleManager: Shutting down and abandoning module ShaderFormatD3D (135)
[2017.07.29-04.08.26:106][314]LogModuleManager: Shutting down and abandoning module MetalShaderFormat (133)
[2017.07.29-04.08.26:106][314]LogModuleManager: Shutting down and abandoning module TextureFormatUncompressed (131)
[2017.07.29-04.08.26:106][314]LogModuleManager: Shutting down and abandoning module TextureFormatPVR (129)
[2017.07.29-04.08.26:106][314]LogModuleManager: Shutting down and abandoning module TextureFormatDXT (127)
[2017.07.29-04.08.26:106][314]LogModuleManager: Shutting down and abandoning module TextureFormatIntelISPCTexComp (125)
[2017.07.29-04.08.26:106][314]LogModuleManager: Shutting down and abandoning module TextureFormatASTC (123)
[2017.07.29-04.08.26:106][314]LogModuleManager: Shutting down and abandoning module ImageWrapper (122)
[2017.07.29-04.08.26:106][314]LogModuleManager: Shutting down and abandoning module TextureFormatAndroid (119)
[2017.07.29-04.08.26:106][314]LogModuleManager: Shutting down and abandoning module AudioFormatOpus (117)
[2017.07.29-04.08.26:106][314]LogModuleManager: Shutting down and abandoning module AudioFormatOgg (115)
[2017.07.29-04.08.26:106][314]LogModuleManager: Shutting down and abandoning module AudioFormatADPCM (113)
[2017.07.29-04.08.26:106][314]LogModuleManager: Shutting down and abandoning module LinuxTargetPlatform (111)
[2017.07.29-04.08.26:106][314]LogModuleManager: Shutting down and abandoning module LinuxServerTargetPlatform (109)
[2017.07.29-04.08.26:106][314]LogModuleManager: Shutting down and abandoning module LinuxNoEditorTargetPlatform (107)
[2017.07.29-04.08.26:106][314]LogModuleManager: Shutting down and abandoning module LinuxClientTargetPlatform (105)
[2017.07.29-04.08.26:106][314]LogModuleManager: Shutting down and abandoning module TVOSTargetPlatform (103)
[2017.07.29-04.08.26:106][314]LogModuleManager: Shutting down and abandoning module Messaging (101)
[2017.07.29-04.08.26:106][314]LogModuleManager: Shutting down and abandoning module IOSTargetPlatform (99)
[2017.07.29-04.08.26:106][314]LogModuleManager: Shutting down and abandoning module HTML5TargetPlatform (97)
[2017.07.29-04.08.26:106][314]LogModuleManager: Shutting down and abandoning module Android_PVRTCTargetPlatform (95)
[2017.07.29-04.08.26:106][314]LogModuleManager: Shutting down and abandoning module Android_MultiTargetPlatform (93)
[2017.07.29-04.08.26:106][314]LogModuleManager: Shutting down and abandoning module Android_ETC2TargetPlatform (91)
[2017.07.29-04.08.26:106][314]LogModuleManager: Shutting down and abandoning module Android_ETC1TargetPlatform (89)
[2017.07.29-04.08.26:106][314]LogModuleManager: Shutting down and abandoning module Android_DXTTargetPlatform (87)
[2017.07.29-04.08.26:106][314]LogModuleManager: Shutting down and abandoning module Android_ATCTargetPlatform (85)
[2017.07.29-04.08.26:106][314]LogModuleManager: Shutting down and abandoning module Android_ASTCTargetPlatform (83)
[2017.07.29-04.08.26:106][314]LogModuleManager: Shutting down and abandoning module AndroidTargetPlatform (81)
[2017.07.29-04.08.26:106][314]LogModuleManager: Shutting down and abandoning module WindowsTargetPlatform (79)
[2017.07.29-04.08.26:106][314]LogModuleManager: Shutting down and abandoning module WindowsServerTargetPlatform (77)
[2017.07.29-04.08.26:106][314]LogModuleManager: Shutting down and abandoning module WindowsNoEditorTargetPlatform (75)
[2017.07.29-04.08.26:106][314]LogModuleManager: Shutting down and abandoning module WindowsClientTargetPlatform (73)
[2017.07.29-04.08.26:106][314]LogModuleManager: Shutting down and abandoning module MacTargetPlatform (71)
[2017.07.29-04.08.26:106][314]LogModuleManager: Shutting down and abandoning module MacServerTargetPlatform (69)
[2017.07.29-04.08.26:106][314]LogModuleManager: Shutting down and abandoning module MacNoEditorTargetPlatform (67)
[2017.07.29-04.08.26:106][314]LogModuleManager: Shutting down and abandoning module MacClientTargetPlatform (65)
[2017.07.29-04.08.26:106][314]LogModuleManager: Shutting down and abandoning module AllDesktopTargetPlatform (63)
[2017.07.29-04.08.26:106][314]LogModuleManager: Shutting down and abandoning module InputCore (60)
[2017.07.29-04.08.26:106][314]LogModuleManager: Shutting down and abandoning module Settings (58)
[2017.07.29-04.08.26:106][314]LogModuleManager: Shutting down and abandoning module OculusRift (56)
[2017.07.29-04.08.26:106][314]LogModuleManager: Shutting down and abandoning module GearVRController (54)
[2017.07.29-04.08.26:106][314]LogModuleManager: Shutting down and abandoning module GearVR (52)
[2017.07.29-04.08.26:106][314]LogModuleManager: Shutting down and abandoning module ExampleDeviceProfileSelector (50)
[2017.07.29-04.08.26:106][314]LogModuleManager: Shutting down and abandoning module OnlineBlueprintSupport (48)
[2017.07.29-04.08.26:106][314]LogModuleManager: Shutting down and abandoning module OnlineSubsystem (44)
[2017.07.29-04.08.26:106][314]LogOnline:Display: Unloading online subsystem: NULL
[2017.07.29-04.08.26:106][314]LogModuleManager: Shutting down and abandoning module XMPP (43)
[2017.07.29-04.08.26:106][314]LogModuleManager: Shutting down and abandoning module HTTP (41)
[2017.07.29-04.08.26:106][314]LogHttp:Display: Http module shutting down, but needs to wait on 1 outstanding Http requests:
[2017.07.29-04.08.26:106][314]LogHttp:Display: 	verb=[POST] url=[https://datarouter.ol.epicgames.com/datarouter/api/v1/public/data?SessionID=%7BE2577269-4155-EC4D-9C49-3CA343CE4A79%7D&AppID=UEEditor.Rocket.Release&AppVersion=4.16.2-3514769%2B%2B%2BUE4%2BRelease-4.16&UserID=253278c348095e98d7ed4896c49ce749%7C1028bfa2da8e4a0584f30ea2a1727c6c%7C843dd5b6-64ad-409e-9825-71653dbbda70&AppEnvironment=datacollector-binary&UploadType=eteventstream] status=Processing
[2017.07.29-04.08.26:123][314]LogModuleManager: Shutting down and abandoning module SSL (40)
[2017.07.29-04.08.26:124][314]LogModuleManager: Shutting down and abandoning module HTTPChunkInstaller (36)
[2017.07.29-04.08.26:124][314]LogModuleManager: Shutting down and abandoning module AnimationModifiers (34)
[2017.07.29-04.08.26:124][314]LogModuleManager: Shutting down and abandoning module PropertyEditor (33)
[2017.07.29-04.08.26:124][314]LogModuleManager: Shutting down and abandoning module AudioEditor (30)
[2017.07.29-04.08.26:124][314]LogModuleManager: Shutting down and abandoning module TextureCompressor (28)
[2017.07.29-04.08.26:124][314]LogModuleManager: Shutting down and abandoning module ShaderCore (26)
[2017.07.29-04.08.26:124][314]LogModuleManager: Shutting down and abandoning module Landscape (24)
[2017.07.29-04.08.26:124][314]LogModuleManager: Shutting down and abandoning module SlateRHIRenderer (22)
[2017.07.29-04.08.26:125][314]LogModuleManager: Shutting down and abandoning module OpenGLDrv (20)
[2017.07.29-04.08.26:125][314]LogModuleManager: Shutting down and abandoning module D3D11RHI (18)
[2017.07.29-04.08.26:125][314]LogModuleManager: Shutting down and abandoning module AnimGraphRuntime (16)
[2017.07.29-04.08.26:125][314]LogModuleManager: Shutting down and abandoning module Renderer (14)
[2017.07.29-04.08.26:125][314]LogModuleManager: Shutting down and abandoning module Engine (12)
[2017.07.29-04.08.26:125][314]LogModuleManager: Shutting down and abandoning module CoreUObject (10)
[2017.07.29-04.08.26:125][314]LogModuleManager: Shutting down and abandoning module NetworkFile (8)
[2017.07.29-04.08.26:125][314]LogModuleManager: Shutting down and abandoning module StreamingFile (6)
[2017.07.29-04.08.26:125][314]LogModuleManager: Shutting down and abandoning module SandboxFile (4)
[2017.07.29-04.08.26:125][314]LogModuleManager: Shutting down and abandoning module PakFile (2)
[2017.07.29-04.08.26:126][314]LogExit: Exiting.
[2017.07.29-04.08.26:136][314]Log file closed, 07/29/17 00:08:26
