Log file open, 07/31/17 12:19:46
LogInit:Display: Running engine for game: SideScrollDemo
LogPlatformFile: Not using cached read wrapper
LogInit:Display: RandInit(-1412655894) SRandInit(-1412655894).
LogTaskGraph: Started task graph with 5 named threads and 8 total threads with 1 sets of task threads.
LogStats: Stats thread started at 0.136897
LogInit: Using libcurl 7.47.1
LogInit:  - built for x86_64-pc-win32
LogInit:  - supports SSL with OpenSSL/1.0.2g
LogInit:  - supports HTTP deflate (compression) using libz 1.2.8
LogInit:  - other features:
LogInit:      CURL_VERSION_SSL
LogInit:      CURL_VERSION_LIBZ
LogInit:      CURL_VERSION_IPV6
LogInit:      CURL_VERSION_ASYNCHDNS
LogInit:      CURL_VERSION_LARGEFILE
LogInit:      CURL_VERSION_IDN
LogInit:  CurlRequestOptions (configurable via config and command line):
LogInit:  - bVerifyPeer = false  - Libcurl will NOT verify peer certificate
LogInit:  - bUseHttpProxy = false  - Libcurl will NOT use HTTP proxy
LogInit:  - bDontReuseConnections = false  - Libcurl will reuse connections
LogInit:  - CertBundlePath = nullptr  - Libcurl will use whatever was configured at build time.
LogInit: Build: ++UE4+Release-4.16-CL-3514769
LogInit: Engine Version: 4.16.2-3514769+++UE4+Release-4.16
LogInit: Compatible Engine Version: 4.16.0-3452394+++UE4+Release-4.16
LogInit: Net CL: 3452394
LogDevObjectVersion: Number of dev versions registered: 16
LogDevObjectVersion:   Dev-Blueprints (B0D832E4-1F89-4F0D-ACCF-7EB736FD4AA2): 9
LogDevObjectVersion:   Dev-Build (E1C64328-A22C-4D53-A36C-8E866417BD8C): 0
LogDevObjectVersion:   Dev-Core (375EC13C-06E4-48FB-B500-84F0262A717E): 2
LogDevObjectVersion:   Dev-Editor (E4B068ED-F494-42E9-A231-DA0B2E46BB41): 17
LogDevObjectVersion:   Dev-Framework (CFFC743F-43B0-4480-9391-14DF171D2073): 23
LogDevObjectVersion:   Dev-Mobile (B02B49B5-BB20-44E9-A304-32B752E40360): 0
LogDevObjectVersion:   Dev-Networking (A4E4105C-59A1-49B5-A7C5-40C4547EDFEE): 0
LogDevObjectVersion:   Dev-Online (39C831C9-5AE6-47DC-9A44-9C173E1C8E7C): 0
LogDevObjectVersion:   Dev-Physics (78F01B33-EBEA-4F98-B9B4-84EACCB95AA2): 0
LogDevObjectVersion:   Dev-Platform (6631380F-2D4D-43E0-8009-CF276956A95A): 0
LogDevObjectVersion:   Dev-Rendering (12F88B9F-8875-4AFC-A67C-D90C383ABD29): 15
LogDevObjectVersion:   Dev-Sequencer (7B5AE74C-D270-4C10-A958-57980B212A5A): 4
LogDevObjectVersion:   Dev-VR (D7296918-1DD6-4BDD-9DE2-64A83CC13884): 0
LogDevObjectVersion:   Dev-LoadTimes (C2A15278-BFE7-4AFE-6C17-90FF531DF755): 1
LogDevObjectVersion:   Private-Geometry (6EACA3D4-40EC-4CC1-B786-8BED09428FC5): 1
LogDevObjectVersion:   Dev-AnimPhys (29E575DD-E0A3-4627-9D10-D276232CDCEA): 3
LogInit: Compiled (64-bit): Jun 29 2017 02:03:24
LogInit: Compiled with Visual C++: 19.00.24215.01
LogInit: Build Configuration: Development
LogInit: Branch Name: ++UE4+Release-4.16
LogInit: Command line:  
LogInit: Base directory: D:/Games/UE_4.16/Engine/Binaries/Win64/
LogInit: Installed Engine Build: 1
LogInit: Presizing for max 8388607 objects, including 0 objects not considered by GC, pre-allocating 0 bytes for permanent pool.
LogInit: Object subsystem initialized
[2017.07.31-16.19.48:204][  0]LogInit: Selected Device Profile: [Windows]
[2017.07.31-16.19.48:204][  0]LogInit: Applying CVar settings loaded from the selected device profile: [Windows]
[2017.07.31-16.19.48:346][  0]LogInit: Computer: DESKTOP-G4PSRSI
[2017.07.31-16.19.48:346][  0]LogInit: User: LuBay
[2017.07.31-16.19.48:346][  0]LogInit: CPU Page size=4096, Cores=4
[2017.07.31-16.19.48:346][  0]LogInit: High frequency timer resolution =3.117183 MHz
[2017.07.31-16.19.48:352][  0]LogMemory: Memory total: Physical=16.0GB (16GB approx)
[2017.07.31-16.19.48:352][  0]LogMemory: Platform Memory Stats for Windows
[2017.07.31-16.19.48:352][  0]LogMemory: Process Physical Memory: 273.78 MB used, 273.78 MB peak
[2017.07.31-16.19.48:352][  0]LogMemory: Process Virtual Memory: 266.84 MB used, 266.84 MB peak
[2017.07.31-16.19.48:352][  0]LogMemory: Physical Memory: 6664.45 MB used,  9672.01 MB free, 16336.46 MB total
[2017.07.31-16.19.48:352][  0]LogMemory: Virtual Memory: 643.27 MB used,  9672.01 MB free, 134217728.00 MB total
[2017.07.31-16.19.48:966][  0]LogInit: Using OS detected language (en-US).
[2017.07.31-16.19.48:966][  0]LogInit: Using OS detected locale (en-US).
[2017.07.31-16.19.49:106][  0]LogTextLocalizationManager: No specific localization for 'en-US' exists, so the 'en' localization will be used.
[2017.07.31-16.19.52:638][  0]LogD3D11RHI: D3D11 adapters:
[2017.07.31-16.19.52:682][  0]LogD3D11RHI:    0. 'Radeon (TM) RX 480 Graphics' (Feature Level 11_0)
[2017.07.31-16.19.52:682][  0]LogD3D11RHI:       8140/0/8168 MB DedicatedVideo/DedicatedSystem/SharedSystem, Outputs:2, VendorId:0x1002
[2017.07.31-16.19.52:684][  0]LogD3D11RHI:    1. 'Microsoft Basic Render Driver' (Feature Level 11_0)
[2017.07.31-16.19.52:684][  0]LogD3D11RHI:       0/0/8168 MB DedicatedVideo/DedicatedSystem/SharedSystem, Outputs:0, VendorId:0x1414
[2017.07.31-16.19.52:684][  0]LogD3D11RHI: Chosen D3D11 Adapter: 0
[2017.07.31-16.19.52:698][  0]LogD3D11RHI: Creating new Direct3DDevice
[2017.07.31-16.19.52:698][  0]LogD3D11RHI:     GPU DeviceId: 0x67df (for the marketing name, search the web for "GPU Device Id")
[2017.07.31-16.19.52:698][  0]LogWindows: EnumDisplayDevices:
[2017.07.31-16.19.52:699][  0]LogWindows:    0. 'Radeon (TM) RX 480 Graphics' (P:1 D:1)
[2017.07.31-16.19.52:699][  0]LogWindows:    1. 'Radeon (TM) RX 480 Graphics' (P:0 D:1)
[2017.07.31-16.19.52:700][  0]LogWindows:    2. 'Radeon (TM) RX 480 Graphics' (P:0 D:0)
[2017.07.31-16.19.52:700][  0]LogWindows:    3. 'Radeon (TM) RX 480 Graphics' (P:0 D:0)
[2017.07.31-16.19.52:700][  0]LogWindows:    4. 'Radeon (TM) RX 480 Graphics' (P:0 D:0)
[2017.07.31-16.19.52:701][  0]LogWindows:    5. 'Radeon (TM) RX 480 Graphics' (P:0 D:0)
[2017.07.31-16.19.52:702][  0]LogWindows: DebugString: FoundDriverCount:6 
[2017.07.31-16.19.52:702][  0]LogD3D11RHI:     Adapter Name: Radeon (TM) RX 480 Graphics
[2017.07.31-16.19.52:702][  0]LogD3D11RHI:   Driver Version: Crimson ReLive 17.1.1 (internal:22.19.162.4, unified:22.19.162.4)
[2017.07.31-16.19.52:702][  0]LogD3D11RHI:      Driver Date: 4-24-2017
[2017.07.31-16.19.52:702][  0]LogRHI: Texture pool is 1361 MB (70% of 1945 MB)
[2017.07.31-16.19.52:817][  0]LogD3D11RHI: Async texture creation enabled
[2017.07.31-16.19.53:054][  0]LogD3D11RHI: GPU Timing Frequency: 25.000000 (Debug: 2 1)
[2017.07.31-16.19.53:113][  0]LogShaderCompilers: Guid format shader working directory is 0 characters bigger than the processId version (../../../../../Unreal Projects/SideScrollDemo/Intermediate/Shaders/WorkingDirectory/13084/).
[2017.07.31-16.19.53:113][  0]LogShaderCompilers: Cleaned the shader compiler working directory 'C:/Users/LuBay/AppData/Local/Temp/UnrealShaderWorkingDir/384FC5D743068F50A0DBA0B185E4F19A/'.
[2017.07.31-16.19.53:118][  0]LogShaderCompilers:Display: Using Local Shader Compiler.
[2017.07.31-16.19.56:398][  0]LogTemp:Display: Loaded TP AllDesktopTargetPlatform
[2017.07.31-16.19.56:439][  0]LogTemp:Display: Loaded TP MacClientTargetPlatform
[2017.07.31-16.19.56:477][  0]LogTemp:Display: Loaded TP MacNoEditorTargetPlatform
[2017.07.31-16.19.56:515][  0]LogTemp:Display: Loaded TP MacServerTargetPlatform
[2017.07.31-16.19.56:572][  0]LogTemp:Display: Loaded TP MacTargetPlatform
[2017.07.31-16.19.56:610][  0]LogTemp:Display: Loaded TP WindowsClientTargetPlatform
[2017.07.31-16.19.56:649][  0]LogTemp:Display: Loaded TP WindowsNoEditorTargetPlatform
[2017.07.31-16.19.56:687][  0]LogTemp:Display: Loaded TP WindowsServerTargetPlatform
[2017.07.31-16.19.56:720][  0]LogTemp:Display: Loaded TP WindowsTargetPlatform
[2017.07.31-16.19.56:768][  0]LogTemp:Display: Loaded TP AndroidTargetPlatform
[2017.07.31-16.19.56:804][  0]LogTemp:Display: Loaded TP Android_ASTCTargetPlatform
[2017.07.31-16.19.56:840][  0]LogTemp:Display: Loaded TP Android_ATCTargetPlatform
[2017.07.31-16.19.56:877][  0]LogTemp:Display: Loaded TP Android_DXTTargetPlatform
[2017.07.31-16.19.56:916][  0]LogTemp:Display: Loaded TP Android_ETC1TargetPlatform
[2017.07.31-16.19.56:953][  0]LogTemp:Display: Loaded TP Android_ETC2TargetPlatform
[2017.07.31-16.19.57:027][  0]LogTemp:Display: Loaded TP Android_MultiTargetPlatform
[2017.07.31-16.19.57:027][  0]LogTemp:Display: Loaded TP Android_PVRTCTargetPlatform
[2017.07.31-16.19.57:055][  0]LogTemp:Display: Loaded TP HTML5TargetPlatform
[2017.07.31-16.19.57:207][  0]LogTemp:Display: Loaded TP IOSTargetPlatform
[2017.07.31-16.19.57:242][  0]LogTemp:Display: Loaded TP TVOSTargetPlatform
[2017.07.31-16.19.57:282][  0]LogTemp:Display: Loaded TP LinuxClientTargetPlatform
[2017.07.31-16.19.57:320][  0]LogTemp:Display: Loaded TP LinuxNoEditorTargetPlatform
[2017.07.31-16.19.57:356][  0]LogTemp:Display: Loaded TP LinuxServerTargetPlatform
[2017.07.31-16.19.57:397][  0]LogTemp:Display: Loaded TP LinuxTargetPlatform
[2017.07.31-16.19.57:397][  0]LogTargetPlatformManager:Display: Building Assets For Windows
[2017.07.31-16.19.58:772][  0]LogDerivedDataCache:Display: Max Cache Size: 512 MB
[2017.07.31-16.19.59:068][  0]LogDerivedDataCache: Loaded boot cache 0.30s 90MB C:/Users/LuBay/AppData/Local/UnrealEngine/4.16/DerivedDataCache/Boot.ddc.
[2017.07.31-16.19.59:068][  0]LogDerivedDataCache:Display: Loaded Boot cache: C:/Users/LuBay/AppData/Local/UnrealEngine/4.16/DerivedDataCache/Boot.ddc
[2017.07.31-16.19.59:068][  0]LogDerivedDataCache: FDerivedDataBackendGraph:  Pak pak cache file ../../../../../Unreal Projects/SideScrollDemo/DerivedDataCache/DDC.ddp not found, will not use a pak cache.
[2017.07.31-16.19.59:068][  0]LogDerivedDataCache: Unable to find inner node Pak for hierarchical cache Hierarchy.
[2017.07.31-16.19.59:068][  0]LogDerivedDataCache: FDerivedDataBackendGraph:  CompressedPak pak cache file ../../../../../Unreal Projects/SideScrollDemo/DerivedDataCache/Compressed.ddp not found, will not use a pak cache.
[2017.07.31-16.19.59:068][  0]LogDerivedDataCache: Unable to find inner node CompressedPak for hierarchical cache Hierarchy.
[2017.07.31-16.19.59:150][  0]LogDerivedDataCache:Display: Pak cache opened for reading ../../../Engine/DerivedDataCache/Compressed.ddp.
[2017.07.31-16.19.59:162][  0]LogDerivedDataCache: Using Local data cache path C:/Users/LuBay/AppData/Local/UnrealEngine/Common/DerivedDataCache: Writable
[2017.07.31-16.19.59:211][  0]LogMaterial: Verifying Global Shaders for PCD3D_SM5
[2017.07.31-16.19.59:277][  0]LogSlate: Using Freetype 2.6.0
[2017.07.31-16.19.59:356][  0]LogSlate: SlateFontCache - WITH_FREETYPE: 1, WITH_HARFBUZZ: 1
[2017.07.31-16.19.59:356][  0]LogSlate: SlateFontCache - WITH_FREETYPE: 1, WITH_HARFBUZZ: 1
[2017.07.31-16.20.08:314][  0]LogInit: Selected Device Profile: [Windows]
[2017.07.31-16.20.09:072][  0]LogContentStreaming: Texture pool size is 0.00 MB
[2017.07.31-16.20.09:645][  0]LogMeshUtilities: Using QuadricMeshReduction for automatic static mesh reduction
[2017.07.31-16.20.09:809][  0]LogSimplygon: Simplygon DLL not present - disabling.
[2017.07.31-16.20.09:873][  0]LogMeshUtilities: Using SimplygonSwarm for distributed automatic mesh merging
[2017.07.31-16.20.09:873][  0]LogMeshUtilities: No automatic skeletal mesh reduction module available
[2017.07.31-16.20.09:873][  0]LogMeshUtilities: No automatic mesh merging module available
[2017.07.31-16.20.13:779][  0]LogNetVersion: SideScrollDemo , NetCL: 3452394, EngineNetVer: 2, GameNetVer: 0 (Checksum: 4259771527)
[2017.07.31-16.20.14:081][  0]LogAssetRegistry: FAssetRegistry took 0.0353 seconds to start up
[2017.07.31-16.20.14:344][  0]LogPackageLocalizationCache: Processed 4 localized package path(s) for 2 prioritized culture(s) in 0.165334 seconds
[2017.07.31-16.20.14:377][  0]LogUObjectArray: 34194 objects as part of root set at end of initial load.
[2017.07.31-16.20.14:377][  0]LogUObjectAllocator: 7260416 out of 0 bytes used by permanent object pool.
[2017.07.31-16.20.14:377][  0]LogUObjectArray: CloseDisregardForGC: 0/0 objects in disregard for GC pool
[2017.07.31-16.20.14:496][  0]LogInit: WinSock: version 1.1 (2.2), MaxSocks=32767, MaxUdp=65467
[2017.07.31-16.20.24:572][  0]LogTcpMessaging: Initializing TcpMessaging bridge
[2017.07.31-16.20.24:626][  0]LogUdpMessaging: Initializing bridge on interface 0.0.0.0:0 to multicast group 230.0.0.1:6666.
[2017.07.31-16.20.25:732][  0]LogMaterial: Uniform references updated for custom material expression Custom.
[2017.07.31-16.20.26:337][  0]SourceControl: Info Source control is disabled
[2017.07.31-16.20.26:340][  0]SourceControl: Info Source control is disabled
[2017.07.31-16.20.26:456][  0]SourceControl: Info Source control is disabled
[2017.07.31-16.20.26:502][  0]SourceControl: Info Source control is disabled
[2017.07.31-16.20.27:839][  0]LogAndroidPermission: UAndroidPermissionCallbackProxy::GetInstance
[2017.07.31-16.20.28:837][  0]LogEngine: Initializing Engine...
[2017.07.31-16.20.28:860][  0]LogHMD: Failed to initialize OpenVR with code 110
[2017.07.31-16.20.29:431][  0]LogStats: UGameplayTagsManager::ConstructGameplayTagTree: Construct from data asset -  0.000 s
[2017.07.31-16.20.29:431][  0]LogStats: UGameplayTagsManager::ConstructGameplayTagTree: GameplayTagTreeChangedEvent.Broadcast -  0.000 s
[2017.07.31-16.20.29:822][  0]LogAIModule: Creating AISystem for world Untitled
[2017.07.31-16.20.29:910][  0]LogInit: XAudio2 using 'Speakers (Realtek High Definition Audio)' : 6 channels at 48 kHz using 32 bits per sample (channel mask 0x3f)
[2017.07.31-16.20.29:937][  0]LogInit: FAudioDevice initialized.
[2017.07.31-16.20.29:981][  0]LogDerivedDataCache: Saved boot cache 0.04s 90MB C:/Users/LuBay/AppData/Local/UnrealEngine/4.16/DerivedDataCache/Boot.ddc.
[2017.07.31-16.20.29:994][  0]LogInit: Texture streaming: Enabled
[2017.07.31-16.20.30:123][  0]LogEngineSessionManager: EngineSessionManager initialized
[2017.07.31-16.20.30:600][  0]LogInit: Transaction tracking system initialized
[2017.07.31-16.20.31:148][  0]BlueprintLog: New page: Editor Load
[2017.07.31-16.20.32:871][  0]LocalizationService: Info Localization service is disabled
[2017.07.31-16.20.33:857][  0]LogConsoleResponse:Display: 
[2017.07.31-16.20.36:551][  0]LogFileCache: Scanning file cache for directory 'D:/Unreal Projects/SideScrollDemo/Content/' took 0.02s
[2017.07.31-16.20.36:551][  0]LogCook:Display: Max memory allowance for cook 16384mb min free memory 0mb
[2017.07.31-16.20.36:551][  0]LogCook:Display: Mobile HDR setting 1
[2017.07.31-16.20.38:427][  0]SourceControl: Info Source control is disabled
[2017.07.31-16.20.38:453][  0]Cmd: MAP LOAD FILE="../../../../../Unreal Projects/SideScrollDemo/Content/SideSCrollerTryin/Maps/Level00.umap" TEMPLATE=0 SHOWPROGRESS=1 FEATURELEVEL=3
[2017.07.31-16.20.38:508][  0]LightingResults: New page: Lighting Build
[2017.07.31-16.20.38:654][  0]MapCheck: New page: Map Check
[2017.07.31-16.20.38:654][  0]LightingResults: New page: Lighting Build
[2017.07.31-16.20.40:819][  0]LogAIModule: Creating AISystem for world Level00
[2017.07.31-16.20.41:190][  0]LogEditorServer: Finished looking for orphan Actors (0.000 secs)
[2017.07.31-16.20.41:281][  0]Cmd: MAP CHECKDEP NOCLEARLOG
[2017.07.31-16.20.41:365][  0]MapCheck: Info Map check complete: 0 Error(s), 0 Warning(s), took 79.587ms to complete.
[2017.07.31-16.20.41:365][  0]LogFileHelpers: Loading map 'Level00' took 2.926
[2017.07.31-16.20.42:263][  0]LogCollectionManager: Loaded 0 collections in 0.001502 seconds
[2017.07.31-16.20.42:405][  0]LogFileCache: Scanning file cache for directory 'D:/Unreal Projects/SideScrollDemo/Saved/Collections/' took 0.01s
[2017.07.31-16.20.42:405][  0]LogFileCache: Scanning file cache for directory 'D:/Unreal Projects/SideScrollDemo/Content/Developers/LuBay/Collections/' took 0.01s
[2017.07.31-16.20.42:405][  0]LogFileCache: Scanning file cache for directory 'D:/Unreal Projects/SideScrollDemo/Content/Collections/' took 0.01s
[2017.07.31-16.20.42:405][  0]LogCollectionManager: Rebuilt the GUID cache for 0 collections in 0.000006 seconds
[2017.07.31-16.20.42:426][  0]LogContentBrowser: Native class hierarchy populated in 0.0197 seconds. Added 2329 classes and 491 folders.
[2017.07.31-16.20.42:539][  0]LogContentBrowser: Native class hierarchy updated for 'WidgetCarousel' in 0.0007 seconds. Added 0 classes and 0 folders.
[2017.07.31-16.20.43:705][  0]LogContentBrowser: Native class hierarchy updated for 'AddContentDialog' in 0.0016 seconds. Added 0 classes and 0 folders.
[2017.07.31-16.20.44:098][  0]LogContentBrowser: Native class hierarchy updated for 'SceneOutliner' in 0.0008 seconds. Added 1 classes and 2 folders.
[2017.07.31-16.20.44:575][  0]LogCrashTracker: Crashtracker disabled due to settings.
[2017.07.31-16.20.44:667][  0]LogSlate: Took 0.019873 seconds to synchronously load lazily loaded font '../../../Engine/Content/Slate/Fonts/Roboto-Regular.ttf' (155K)
[2017.07.31-16.20.44:683][  0]LogSlate: Took 0.012265 seconds to synchronously load lazily loaded font '../../../Engine/Content/Slate/Fonts/Roboto-Bold.ttf' (160K)
[2017.07.31-16.20.44:700][  0]LogSlate: Took 0.014742 seconds to synchronously load lazily loaded font '../../../Engine/Content/Editor/Slate/Fonts/FontAwesome.ttf' (139K)
[2017.07.31-16.20.44:968][  0]LogRenderer: Reallocating scene render targets to support 1596x1284 NumSamples 1 (Frame:1).
[2017.07.31-16.20.45:332][  0]LogUObjectGlobals:Warning: Failed to find object 'Class None.'
[2017.07.31-16.20.45:440][  0]LogContentBrowser: Native class hierarchy updated for 'HierarchicalLODOutliner' in 0.0011 seconds. Added 1 classes and 2 folders.
[2017.07.31-16.20.45:440][  0]LogLoad: (Engine Initialization) Total time: 63.98 seconds
[2017.07.31-16.20.45:440][  0]LogLoad: (Engine Initialization) Total Blueprint compile time: 0.52 seconds
[2017.07.31-16.20.45:440][  0]LogExternalProfiler: No external profilers were discovered.  External profiling features will not be available.
[2017.07.31-16.20.45:471][  0]LogWindowsTextInputMethodSystem:Display: IME system now deactivated.
[2017.07.31-16.20.45:472][  0]LogOcInput: OculusInput pre-init called
[2017.07.31-16.20.45:472][  0]LogHMD: Starting GearVRController plugin
[2017.07.31-16.20.45:545][  0]LogContentStreaming: Texture pool size now 1000 MB
[2017.07.31-16.20.45:772][  2]LogAssetRegistry: Asset discovery search completed in 31.7145 seconds
[2017.07.31-16.20.45:774][  2]LogCollectionManager: Rebuilt the object cache for 0 collections in 0.000001 seconds (found 0 objects)
[2017.07.31-16.20.45:774][  2]LogCollectionManager: Fixed up redirectors for 0 collections in 0.000032 seconds (updated 0 objects)
[2017.07.31-16.20.55:037][724]LogSlate: Took 0.014568 seconds to synchronously load lazily loaded font '../../../Engine/Content/Slate/Fonts/Roboto-Light.ttf' (159K)
[2017.07.31-16.20.55:075][724]LogFactory: FactoryCreateFile: Texture with ReimportTextureFactory (0 0 C:/Users/LuBay/Desktop/ArtWork/Robed Man tiny transparent.png)
[2017.07.31-16.20.55:096][724]LogTexture:Display: Building textures: Robed_Man_tiny_transparent (AutoDXT, 640X480)
[2017.07.31-16.21.03:556][682]LogTexture:Display: Building textures: Robed_Man_tiny_transparent (BGRA8, 640X480)
[2017.07.31-16.21.15:823][956]LogEditorViewport: Clicking Background
[2017.07.31-16.21.16:819][ 70]LogEditorViewport: Clicking on Actor (LMB): PaperSpriteActor (Tiles_Sprite_25)
[2017.07.31-16.21.18:245][231]LogEditorViewport: Clicking on Actor (LMB): PaperSpriteActor (Tiles_Sprite_28)
[2017.07.31-16.21.19:677][392]LogEditorViewport: Clicking on Actor (LMB): PaperSpriteActor (Robed_Man_tiny_transparent_Sprite)
[2017.07.31-16.21.21:227][569]LogEditorViewport: Clicking Background
[2017.07.31-16.21.24:349][939]LogEditorViewport: Clicking on Actor (LMB): PaperSpriteActor (Robed_Man_tiny_transparent_Sprite)
[2017.07.31-16.21.28:618][421]LogEditorViewport: Clicking on Actor (LMB): PaperSpriteActor (Robed_Man_tiny_transparent_Sprite)
[2017.07.31-16.21.29:875][563]LogEditorViewport: Clicking on Actor (LMB): PaperSpriteActor (Robed_Man_tiny_transparent_Sprite)
[2017.07.31-16.21.39:879][617]LogEditorViewport: Clicking on Actor (LMB): PaperSpriteActor (Tiles_Sprite_25)
[2017.07.31-16.21.41:460][798]LogEditorViewport: Clicking on Actor (LMB): PaperSpriteActor (Tiles_Sprite_28)
[2017.07.31-16.21.46:433][350]Cmd: TRANSACTION UNDO
[2017.07.31-16.21.46:433][350]LogEditorTransaction: Undo Move Actors
[2017.07.31-16.21.46:493][350]LogSlate: Took 0.000276 seconds to synchronously load lazily loaded font '../../../Engine/Content/Slate/Fonts/Roboto-Light.ttf' (159K)
[2017.07.31-16.21.48:489][579]LogEditorViewport: Clicking on Actor (LMB): PaperSpriteActor (Robed_Man_tiny_transparent_Sprite)
[2017.07.31-16.21.49:407][680]LogEditorViewport: Clicking on Actor (LMB): PaperSpriteActor (Tiles_Sprite_31)
[2017.07.31-16.21.50:512][803]LogEditorViewport: Clicking on Actor (LMB): PaperSpriteActor (Tiles_Sprite_31)
[2017.07.31-16.21.51:824][956]LogEditorViewport: Clicking on Actor (LMB): PaperSpriteActor (Robed_Man_tiny_transparent_Sprite)
[2017.07.31-16.21.54:529][238]LogSlate: Took 0.014528 seconds to synchronously load lazily loaded font '../../../Engine/Content/Editor/Slate/Fonts/Roboto-BoldCondensed.ttf' (158K)
[2017.07.31-16.21.54:662][238]LogRenderer: Reallocating scene render targets to support 2040x1284 NumSamples 1 (Frame:1).
[2017.07.31-16.21.54:662][238]LogSlate: Took 0.000250 seconds to synchronously load lazily loaded font '../../../Engine/Content/Slate/Fonts/Roboto-Light.ttf' (159K)
[2017.07.31-16.22.33:774][708]LogSavePackage: Save=17.23ms
[2017.07.31-16.22.33:774][708]LogSavePackage: Moving '../../../../../Unreal Projects/SideScrollDemo/Saved/Robed_Man_tiny_transparent_Sprite00CBBA3F4BBD19D7AE828FA0DBC10FEA.tmp' to '../../../../../Unreal Projects/SideScrollDemo/Content/SideSCrollerTryin/Sprites/Character/Robed_Man_tiny_transparent_Sprite.uasset'
[2017.07.31-16.22.33:782][708]LogSavePackage:Display: Finished SavePackage ../../../../../Unreal Projects/SideScrollDemo/Content/SideSCrollerTryin/Sprites/Character/Robed_Man_tiny_transparent_Sprite.uasset
[2017.07.31-16.22.38:189][145]LogEditorViewport: Clicking on Actor (LMB): PaperSpriteActor (Robed_Man_tiny_transparent_Sprite)
[2017.07.31-16.22.39:210][260]LogEditorViewport: Clicking on Actor (LMB): PaperSpriteActor (Robed_Man_tiny_transparent_Sprite)
[2017.07.31-16.22.41:328][490]LogEditorViewport: Clicking on Actor (LMB): PaperSpriteActor (Tiles_Sprite_34)
[2017.07.31-16.22.42:005][560]LogEditorViewport: Clicking on Actor (LMB): PaperSpriteActor (Robed_Man_tiny_transparent_Sprite)
[2017.07.31-16.22.55:066][998]LogEditorViewport: Clicking on Actor (LMB): PaperSpriteActor (Robed_Man_tiny_transparent_Sprite)
[2017.07.31-16.23.03:488][915]LogTemp: Repeting last play command: New Editor Window (PIE)
[2017.07.31-16.23.03:559][915]LogPlayLevel: PlayLevel: No blueprints needed recompiling
[2017.07.31-16.23.03:592][915]PIE: New page: PIE session: Level00 (Jul 31, 2017, 8:23:03 AM)
[2017.07.31-16.23.03:592][915]LogPlayLevel: Creating play world package: /Game/SideSCrollerTryin/Maps/UEDPIE_0_Level00
[2017.07.31-16.23.03:639][915]LogPlayLevel: PIE: StaticDuplicateObject took: (0.047155s)
[2017.07.31-16.23.03:640][915]LogAIModule: Creating AISystem for world Level00
[2017.07.31-16.23.03:641][915]LogPlayLevel: PIE: World Init took: (0.001222s)
[2017.07.31-16.23.03:641][915]LogPlayLevel: PIE: Created PIE world by copying editor world from /Game/SideSCrollerTryin/Maps/Level00.Level00 to /Game/SideSCrollerTryin/Maps/UEDPIE_0_Level00.Level00 (0.048971s)
[2017.07.31-16.23.03:708][915]LogInit: XAudio2 using 'Speakers (Realtek High Definition Audio)' : 6 channels at 48 kHz using 32 bits per sample (channel mask 0x3f)
[2017.07.31-16.23.03:719][915]LogInit: FAudioDevice initialized.
[2017.07.31-16.23.03:861][915]LogLoad: Game class is '2DSideScrollerGameMode_C'
[2017.07.31-16.23.03:887][915]LogWorld: Bringing World /Game/SideSCrollerTryin/Maps/UEDPIE_0_Level00.Level00 up for play (max tick rate 0) at 2017.07.31-12.23.03
[2017.07.31-16.23.03:889][915]LogWorld: Bringing up level for play took: 0.006841
[2017.07.31-16.23.04:012][915]LogContentBrowser: Native class hierarchy updated for 'MovieSceneCapture' in 0.0019 seconds. Added 11 classes and 0 folders.
[2017.07.31-16.23.04:072][915]PIE: Info Play in editor start time for /Game/SideSCrollerTryin/Maps/UEDPIE_0_Level00 0.947
[2017.07.31-16.23.04:224][916]LogCharacterMovement:Warning: GetSimulationTimeStep() - Max iterations 8 hit while remaining time 0.087551 > MaxSimulationTimeStep (0.050) for 'BP_Dude_C_0', movement 'Walking'
[2017.07.31-16.24.32:593][473]LogEditorViewport: Clicking on Actor (LMB): PaperSpriteActor (Robed_Man_tiny_transparent_Sprite)
[2017.07.31-16.24.37:821][ 81]LogEditorViewport: Clicking on Actor (LMB): PaperSpriteActor (Robed_Man_tiny_transparent_Sprite)
[2017.07.31-16.24.47:785][184]LogEditorViewport: Clicking on Actor (LMB): PaperSpriteActor (Block_A_7)
[2017.07.31-16.24.49:124][336]LogEditorViewport: Clicking Background
[2017.07.31-16.26.48:741][930]LogEditorViewport: Clicking on Actor (LMB): PaperSpriteActor (Robed_Man_tiny_transparent_Sprite)
[2017.07.31-16.26.54:270][539]LogEditorViewport: Clicking Background
[2017.07.31-16.29.02:513][812]LogEditorViewport: Clicking on Actor (LMB): PaperSpriteActor (Robed_Man_tiny_transparent_Sprite)
[2017.07.31-16.29.08:367][435]LogEditorViewport: Clicking on Actor (LMB): PaperSpriteActor (Robed_Man_tiny_transparent_Sprite)
[2017.07.31-16.29.17:648][472]LogTemp: Repeting last play command: New Editor Window (PIE)
[2017.07.31-16.29.17:664][472]LogPlayLevel: PlayLevel: No blueprints needed recompiling
[2017.07.31-16.29.17:664][472]PIE: New page: PIE session: Level00 (Jul 31, 2017, 8:29:17 AM)
[2017.07.31-16.29.17:664][472]LogPlayLevel: Creating play world package: /Game/SideSCrollerTryin/Maps/UEDPIE_0_Level00
[2017.07.31-16.29.17:675][472]LogPlayLevel: PIE: StaticDuplicateObject took: (0.010866s)
[2017.07.31-16.29.17:675][472]LogAIModule: Creating AISystem for world Level00
[2017.07.31-16.29.17:675][472]LogPlayLevel: PIE: World Init took: (0.000632s)
[2017.07.31-16.29.17:676][472]LogPlayLevel: PIE: Created PIE world by copying editor world from /Game/SideSCrollerTryin/Maps/Level00.Level00 to /Game/SideSCrollerTryin/Maps/UEDPIE_0_Level00.Level00 (0.011759s)
[2017.07.31-16.29.17:690][472]LogInit: XAudio2 using 'Speakers (Realtek High Definition Audio)' : 6 channels at 48 kHz using 32 bits per sample (channel mask 0x3f)
[2017.07.31-16.29.17:700][472]LogInit: FAudioDevice initialized.
[2017.07.31-16.29.17:791][472]LogLoad: Game class is '2DSideScrollerGameMode_C'
[2017.07.31-16.29.17:800][472]LogWorld: Bringing World /Game/SideSCrollerTryin/Maps/UEDPIE_0_Level00.Level00 up for play (max tick rate 0) at 2017.07.31-12.29.17
[2017.07.31-16.29.17:802][472]LogWorld: Bringing up level for play took: 0.009119
[2017.07.31-16.29.17:809][472]PIE: Info Play in editor start time for /Game/SideSCrollerTryin/Maps/UEDPIE_0_Level00 0.684
[2017.07.31-16.29.27:568][618]LogEditorViewport: Clicking on Actor (LMB): PaperSpriteActor (Robed_Man_tiny_transparent_Sprite)
[2017.07.31-16.29.36:063][546]LogEditorViewport: Clicking on Actor (LMB): PaperSpriteActor (Robed_Man_tiny_transparent_Sprite)
[2017.07.31-16.29.44:067][465]LogEditorViewport: Clicking on Actor (LMB): PaperSpriteActor (Robed_Man_tiny_transparent_Sprite)
[2017.07.31-16.29.50:609][216]LogEditorViewport: Clicking on Actor (LMB): PaperSpriteActor (Tiles_Sprite_62)
[2017.07.31-16.29.59:155][132]Cmd: TRANSACTION UNDO
[2017.07.31-16.29.59:155][132]LogEditorTransaction: Undo Translate/Rotate2D Actors
[2017.07.31-16.29.59:503][165]Cmd: TRANSACTION UNDO
[2017.07.31-16.29.59:503][165]LogEditorTransaction: Undo Translate/Rotate2D Actors
[2017.07.31-16.30.01:267][369]LogEditorViewport: Clicking on Actor (LMB): PaperSpriteActor (Robed_Man_tiny_transparent_Sprite)
[2017.07.31-16.30.10:991][403]LogEditorViewport: Clicking Background
[2017.07.31-16.30.12:498][578]LogEditorViewport: Clicking on Actor (LMB): PaperSpriteActor (Robed_Man_tiny_transparent_Sprite)
[2017.07.31-16.30.19:276][350]LogEditorViewport: Clicking Background
[2017.07.31-16.30.20:989][551]LogTemp: Repeting last play command: New Editor Window (PIE)
[2017.07.31-16.30.21:004][551]LogPlayLevel: PlayLevel: No blueprints needed recompiling
[2017.07.31-16.30.21:004][551]PIE: New page: PIE session: Level00 (Jul 31, 2017, 8:30:21 AM)
[2017.07.31-16.30.21:004][551]LogPlayLevel: Creating play world package: /Game/SideSCrollerTryin/Maps/UEDPIE_0_Level00
[2017.07.31-16.30.21:015][551]LogPlayLevel: PIE: StaticDuplicateObject took: (0.011134s)
[2017.07.31-16.30.21:016][551]LogAIModule: Creating AISystem for world Level00
[2017.07.31-16.30.21:016][551]LogPlayLevel: PIE: World Init took: (0.000776s)
[2017.07.31-16.30.21:016][551]LogPlayLevel: PIE: Created PIE world by copying editor world from /Game/SideSCrollerTryin/Maps/Level00.Level00 to /Game/SideSCrollerTryin/Maps/UEDPIE_0_Level00.Level00 (0.012155s)
[2017.07.31-16.30.21:029][551]LogInit: XAudio2 using 'Speakers (Realtek High Definition Audio)' : 6 channels at 48 kHz using 32 bits per sample (channel mask 0x3f)
[2017.07.31-16.30.21:039][551]LogInit: FAudioDevice initialized.
[2017.07.31-16.30.21:103][551]LogLoad: Game class is '2DSideScrollerGameMode_C'
[2017.07.31-16.30.21:110][551]LogWorld: Bringing World /Game/SideSCrollerTryin/Maps/UEDPIE_0_Level00.Level00 up for play (max tick rate 0) at 2017.07.31-12.30.21
[2017.07.31-16.30.21:111][551]LogWorld: Bringing up level for play took: 0.007052
[2017.07.31-16.30.21:118][551]PIE: Info Play in editor start time for /Game/SideSCrollerTryin/Maps/UEDPIE_0_Level00 -0.007
[2017.07.31-16.30.45:259][223]Cmd: QUIT_EDITOR
[2017.07.31-16.30.45:671][223]LogWindowsTextInputMethodSystem:Display: IME system now deactivated.
[2017.07.31-16.30.45:703][223]LogExit: Preparing to exit.
[2017.07.31-16.30.46:016][223]LogDirectoryWatcher: A directory notification for 'D:/Unreal Projects/SideScrollDemo/Content/' was aborted.
[2017.07.31-16.30.46:062][223]LogExit: Editor shut down
[2017.07.31-16.30.46:069][223]LogExit: Transaction tracking system shut down
[2017.07.31-16.30.46:534][223]LogObj: Freed 0b from 0 cluster array pools.
[2017.07.31-16.30.46:534][223]LogExit: Object subsystem successfully closed.
[2017.07.31-16.30.46:595][223]LogD3D11RHI: Shutdown
[2017.07.31-16.30.46:595][223]LogD3D11RHI: CleanupD3DDevice
[2017.07.31-16.30.46:719][223]LogD3D11RHI: ~FD3D11DynamicRHI
[2017.07.31-16.30.46:907][223]LogModuleManager: Shutting down and abandoning module MovieSceneCapture (526)
[2017.07.31-16.30.46:908][223]LogModuleManager: Shutting down and abandoning module HierarchicalLODOutliner (524)
[2017.07.31-16.30.46:908][223]LogModuleManager: Shutting down and abandoning module CrashTracker (522)
[2017.07.31-16.30.46:908][223]LogModuleManager: Shutting down and abandoning module SceneOutliner (520)
[2017.07.31-16.30.46:908][223]LogModuleManager: Shutting down and abandoning module AddContentDialog (518)
[2017.07.31-16.30.46:908][223]LogDirectoryWatcher: A directory notification for 'D:/Games/UE_4.16/FeaturePacks/' was aborted.
[2017.07.31-16.30.46:911][223]LogModuleManager: Shutting down and abandoning module WidgetCarousel (517)
[2017.07.31-16.30.46:911][223]LogModuleManager: Shutting down and abandoning module EditorWidgets (514)
[2017.07.31-16.30.46:911][223]LogModuleManager: Shutting down and abandoning module CollectionManager (512)
[2017.07.31-16.30.46:911][223]LogDirectoryWatcher: A directory notification for 'D:/Unreal Projects/SideScrollDemo/Content/Collections/' was aborted.
[2017.07.31-16.30.46:911][223]LogDirectoryWatcher: A directory notification for 'D:/Unreal Projects/SideScrollDemo/Content/Developers/LuBay/Collections/' was aborted.
[2017.07.31-16.30.46:912][223]LogDirectoryWatcher: A directory notification for 'D:/Unreal Projects/SideScrollDemo/Saved/Collections/' was aborted.
[2017.07.31-16.30.46:912][223]LogModuleManager: Shutting down and abandoning module StatsViewer (510)
[2017.07.31-16.30.46:912][223]LogModuleManager: Shutting down and abandoning module FoliageEdit (508)
[2017.07.31-16.30.46:912][223]LogModuleManager: Shutting down and abandoning module LandscapeEditor (506)
[2017.07.31-16.30.46:915][223]LogModuleManager: Shutting down and abandoning module MeshPaintMode (504)
[2017.07.31-16.30.46:915][223]LogModuleManager: Shutting down and abandoning module SceneDepthPickerMode (502)
[2017.07.31-16.30.46:916][223]LogModuleManager: Shutting down and abandoning module ActorPickerMode (500)
[2017.07.31-16.30.46:916][223]LogModuleManager: Shutting down and abandoning module GeometryMode (498)
[2017.07.31-16.30.46:916][223]LogModuleManager: Shutting down and abandoning module TextureAlignMode (496)
[2017.07.31-16.30.46:916][223]LogModuleManager: Shutting down and abandoning module BspMode (494)
[2017.07.31-16.30.46:916][223]LogModuleManager: Shutting down and abandoning module HardwareSurvey (492)
[2017.07.31-16.30.46:916][223]LogModuleManager: Shutting down and abandoning module SequenceRecorderSections (490)
[2017.07.31-16.30.46:916][223]LogModuleManager: Shutting down and abandoning module AutomationWorker (488)
[2017.07.31-16.30.46:916][223]LogModuleManager: Shutting down and abandoning module MatineeToLevelSequence (486)
[2017.07.31-16.30.46:922][223]LogModuleManager: Shutting down and abandoning module LevelSequenceEditor (484)
[2017.07.31-16.30.46:930][223]LogModuleManager: Shutting down and abandoning module PlacementMode (483)
[2017.07.31-16.30.46:931][223]LogModuleManager: Shutting down and abandoning module WmfMediaFactory (480)
[2017.07.31-16.30.46:931][223]LogModuleManager: Shutting down and abandoning module WmfMediaEditor (478)
[2017.07.31-16.30.46:931][223]LogModuleManager: Shutting down and abandoning module AvfMediaFactory (476)
[2017.07.31-16.30.46:931][223]LogModuleManager: Shutting down and abandoning module AvfMediaEditor (474)
[2017.07.31-16.30.46:931][223]LogModuleManager: Shutting down and abandoning module AndroidMediaFactory (472)
[2017.07.31-16.30.46:931][223]LogModuleManager: Shutting down and abandoning module Media (471)
[2017.07.31-16.30.46:931][223]LogModuleManager: Shutting down and abandoning module AndroidMediaEditor (468)
[2017.07.31-16.30.46:931][223]LogModuleManager: Shutting down and abandoning module CharacterAI (466)
[2017.07.31-16.30.46:931][223]LogModuleManager: Shutting down and abandoning module AudioCapture (464)
[2017.07.31-16.30.46:931][223]LogModuleManager: Shutting down and abandoning module SequenceRecorder (463)
[2017.07.31-16.30.46:931][223]LogModuleManager: Shutting down and abandoning module SmartSnapping (460)
[2017.07.31-16.30.46:931][223]LogModuleManager: Shutting down and abandoning module SessionServices (458)
[2017.07.31-16.30.46:931][223]LogModuleManager: Shutting down and abandoning module ViewportSnapping (456)
[2017.07.31-16.30.46:931][223]LogModuleManager: Shutting down and abandoning module ViewportInteraction (454)
[2017.07.31-16.30.46:931][223]LogModuleManager: Shutting down and abandoning module ClothPainter (452)
[2017.07.31-16.30.46:943][223]LogModuleManager: Shutting down and abandoning module LogVisualizer (450)
[2017.07.31-16.30.46:944][223]LogModuleManager: Shutting down and abandoning module IntroTutorials (448)
[2017.07.31-16.30.46:944][223]LogModuleManager: Shutting down and abandoning module GameProjectGeneration (447)
[2017.07.31-16.30.46:951][223]LogModuleManager: Shutting down and abandoning module EditorLiveStreaming (444)
[2017.07.31-16.30.46:951][223]LogModuleManager: Shutting down and abandoning module IOSPlatformEditor (442)
[2017.07.31-16.30.46:951][223]LogModuleManager: Shutting down and abandoning module HTML5PlatformEditor (440)
[2017.07.31-16.30.46:951][223]LogModuleManager: Shutting down and abandoning module AndroidPlatformEditor (438)
[2017.07.31-16.30.46:951][223]LogModuleManager: Shutting down and abandoning module AndroidDeviceDetection (437)
[2017.07.31-16.30.47:617][223]LogModuleManager: Shutting down and abandoning module IOSRuntimeSettings (434)
[2017.07.31-16.30.47:617][223]LogModuleManager: Shutting down and abandoning module AndroidRuntimeSettings (432)
[2017.07.31-16.30.47:617][223]LogModuleManager: Shutting down and abandoning module InputBindingEditor (430)
[2017.07.31-16.30.47:617][223]LogModuleManager: Shutting down and abandoning module MergeActors (428)
[2017.07.31-16.30.47:623][223]LogModuleManager: Shutting down and abandoning module SizeMap (426)
[2017.07.31-16.30.47:623][223]LogModuleManager: Shutting down and abandoning module TreeMap (424)
[2017.07.31-16.30.47:629][223]LogModuleManager: Shutting down and abandoning module ReferenceViewer (422)
[2017.07.31-16.30.47:630][223]LogModuleManager: Shutting down and abandoning module LocalizationDashboard (420)
[2017.07.31-16.30.47:637][223]LogModuleManager: Shutting down and abandoning module LocalizationService (419)
[2017.07.31-16.30.47:637][223]LogModuleManager: Shutting down and abandoning module HardwareTargeting (416)
[2017.07.31-16.30.47:637][223]LogModuleManager: Shutting down and abandoning module DeviceProfileEditor (414)
[2017.07.31-16.30.47:645][223]LogModuleManager: Shutting down and abandoning module UndoHistory (412)
[2017.07.31-16.30.47:645][223]LogModuleManager: Shutting down and abandoning module UserFeedback (410)
[2017.07.31-16.30.47:645][223]LogModuleManager: Shutting down and abandoning module XmlParser (408)
[2017.07.31-16.30.47:645][223]LogModuleManager: Shutting down and abandoning module Blutility (406)
[2017.07.31-16.30.47:645][223]LogModuleManager: Shutting down and abandoning module ProjectSettingsViewer (404)
[2017.07.31-16.30.47:645][223]LogModuleManager: Shutting down and abandoning module ProjectTargetPlatformEditor (403)
[2017.07.31-16.30.47:645][223]LogModuleManager: Shutting down and abandoning module EditorSettingsViewer (400)
[2017.07.31-16.30.47:645][223]LogModuleManager: Shutting down and abandoning module SettingsEditor (398)
[2017.07.31-16.30.47:645][223]LogModuleManager: Shutting down and abandoning module ProjectLauncher (396)
[2017.07.31-16.30.47:665][223]LogModuleManager: Shutting down and abandoning module SessionFrontend (394)
[2017.07.31-16.30.47:675][223]LogModuleManager: Shutting down and abandoning module ProfilerClient (392)
[2017.07.31-16.30.47:695][223]LogModuleManager: Shutting down and abandoning module DeviceManager (390)
[2017.07.31-16.30.47:710][223]LogModuleManager: Shutting down and abandoning module TargetDeviceServices (389)
[2017.07.31-16.30.47:764][223]LogModuleManager: Shutting down and abandoning module AutomationController (386)
[2017.07.31-16.30.47:764][223]LogModuleManager: Shutting down and abandoning module AutomationWindow (384)
[2017.07.31-16.30.47:771][223]LogModuleManager: Shutting down and abandoning module Layers (382)
[2017.07.31-16.30.47:802][223]LogModuleManager: Shutting down and abandoning module ComponentVisualizers (380)
[2017.07.31-16.30.47:802][223]LogModuleManager: Shutting down and abandoning module DetailCustomizations (378)
[2017.07.31-16.30.47:803][223]LogModuleManager: Shutting down and abandoning module PackagesDialog (376)
[2017.07.31-16.30.47:803][223]LogModuleManager: Shutting down and abandoning module Persona (374)
[2017.07.31-16.30.47:807][223]LogModuleManager: Shutting down and abandoning module AdvancedPreviewScene (373)
[2017.07.31-16.30.47:807][223]LogModuleManager: Shutting down and abandoning module AnimGraph (371)
[2017.07.31-16.30.47:807][223]LogModuleManager: Shutting down and abandoning module Kismet (368)
[2017.07.31-16.30.47:808][223]LogModuleManager: Shutting down and abandoning module ClassViewer (366)
[2017.07.31-16.30.47:808][223]LogModuleManager: Shutting down and abandoning module Toolbox (364)
[2017.07.31-16.30.47:808][223]LogModuleManager: Shutting down and abandoning module ModuleUI (362)
[2017.07.31-16.30.47:816][223]LogModuleManager: Shutting down and abandoning module MovieSceneTools (360)
[2017.07.31-16.30.47:817][223]LogModuleManager: Shutting down and abandoning module OutputLog (358)
[2017.07.31-16.30.47:817][223]LogModuleManager: Shutting down and abandoning module GammaUI (356)
[2017.07.31-16.30.47:820][223]LogModuleManager: Shutting down and abandoning module Documentation (354)
[2017.07.31-16.30.47:820][223]LogModuleManager: Shutting down and abandoning module MovieSceneTracks (352)
[2017.07.31-16.30.47:820][223]LogModuleManager: Shutting down and abandoning module MovieScene (350)
[2017.07.31-16.30.47:820][223]LogModuleManager: Shutting down and abandoning module Niagara (348)
[2017.07.31-16.30.47:820][223]LogModuleManager: Shutting down and abandoning module NiagaraEditor (347)
[2017.07.31-16.30.47:832][223]LogModuleManager: Shutting down and abandoning module StreamingPauseRendering (344)
[2017.07.31-16.30.47:832][223]LogModuleManager: Shutting down and abandoning module AnalyticsET (342)
[2017.07.31-16.30.47:832][223]LogModuleManager: Shutting down and abandoning module PortalServices (340)
[2017.07.31-16.30.47:832][223]LogModuleManager: Shutting down and abandoning module PortalRpc (338)
[2017.07.31-16.30.47:832][223]LogModuleManager: Shutting down and abandoning module MessagingRpc (336)
[2017.07.31-16.30.47:832][223]LogModuleManager: Shutting down and abandoning module AIModule (334)
[2017.07.31-16.30.47:832][223]LogModuleManager: Shutting down and abandoning module GameplayDebugger (333)
[2017.07.31-16.30.47:832][223]LogModuleManager: Shutting down and abandoning module AITestSuite (331)
[2017.07.31-16.30.47:832][223]LogModuleManager: Shutting down and abandoning module ProfilerService (328)
[2017.07.31-16.30.48:000][223]LogModuleManager: Shutting down and abandoning module TaskGraph (326)
[2017.07.31-16.30.48:006][223]LogModuleManager: Shutting down and abandoning module SteamVRController (324)
[2017.07.31-16.30.48:006][223]LogModuleManager: Shutting down and abandoning module SteamVR (322)
[2017.07.31-16.30.48:006][223]LogModuleManager: Shutting down and abandoning module ProceduralMeshComponentEditor (320)
[2017.07.31-16.30.48:006][223]LogModuleManager: Shutting down and abandoning module ProceduralMeshComponent (318)
[2017.07.31-16.30.48:006][223]LogModuleManager: Shutting down and abandoning module OculusLibrary (316)
[2017.07.31-16.30.48:006][223]LogModuleManager: Shutting down and abandoning module OculusInput (314)
[2017.07.31-16.30.48:006][223]LogModuleManager: Shutting down and abandoning module MobilePatchingUtils (312)
[2017.07.31-16.30.48:006][223]LogModuleManager: Shutting down and abandoning module CustomMeshComponent (310)
[2017.07.31-16.30.48:006][223]LogModuleManager: Shutting down and abandoning module CableComponent (308)
[2017.07.31-16.30.48:006][223]LogModuleManager: Shutting down and abandoning module ArchVisCharacter (306)
[2017.07.31-16.30.48:006][223]LogModuleManager: Shutting down and abandoning module AndroidPermission (304)
[2017.07.31-16.30.48:006][223]LogModuleManager: Shutting down and abandoning module MediaPlayerEditor (300)
[2017.07.31-16.30.48:016][223]LogModuleManager: Shutting down and abandoning module HTML5Networking (298)
[2017.07.31-16.30.48:016][223]LogModuleManager: Shutting down and abandoning module AlembicImporter (296)
[2017.07.31-16.30.48:016][223]LogModuleManager: Shutting down and abandoning module AlembicLibrary (295)
[2017.07.31-16.30.48:016][223]LogModuleManager: Shutting down and abandoning module GeometryCache (294)
[2017.07.31-16.30.48:016][223]LogModuleManager: Shutting down and abandoning module GeometryCacheEd (293)
[2017.07.31-16.30.48:016][223]LogModuleManager: Shutting down and abandoning module SuperSearchEditor (288)
[2017.07.31-16.30.48:016][223]LogModuleManager: Shutting down and abandoning module SuperSearch (287)
[2017.07.31-16.30.48:016][223]LogModuleManager: Shutting down and abandoning module SpeedTreeImporter (284)
[2017.07.31-16.30.48:016][223]LogModuleManager: Shutting down and abandoning module PluginBrowser (282)
[2017.07.31-16.30.48:016][223]LogModuleManager: Shutting down and abandoning module MobileLauncherProfileWizard (280)
[2017.07.31-16.30.48:016][223]LogModuleManager: Shutting down and abandoning module VisualStudioSourceCodeAccess (278)
[2017.07.31-16.30.48:016][223]LogModuleManager: Shutting down and abandoning module DesktopPlatform (277)
[2017.07.31-16.30.48:016][223]LogModuleManager: Shutting down and abandoning module UObjectPlugin (274)
[2017.07.31-16.30.48:016][223]LogModuleManager: Shutting down and abandoning module SubversionSourceControl (272)
[2017.07.31-16.30.48:016][223]LogModuleManager: Shutting down and abandoning module PerforceSourceControl (270)
[2017.07.31-16.30.48:016][223]LogModuleManager: Shutting down and abandoning module GitSourceControl (268)
[2017.07.31-16.30.48:016][223]LogModuleManager: Shutting down and abandoning module SourceControl (267)
[2017.07.31-16.30.48:016][223]LogModuleManager: Shutting down and abandoning module LightPropagationVolumeEditor (264)
[2017.07.31-16.30.48:016][223]LogModuleManager: Shutting down and abandoning module PaperTiledImporter (262)
[2017.07.31-16.30.48:016][223]LogModuleManager: Shutting down and abandoning module PaperSpriteSheetImporter (260)
[2017.07.31-16.30.48:016][223]LogModuleManager: Shutting down and abandoning module Paper2DEditor (258)
[2017.07.31-16.30.48:016][223]LogModuleManager: Shutting down and abandoning module MeshPaint (257)
[2017.07.31-16.30.48:016][223]LogModuleManager: Shutting down and abandoning module LevelEditor (255)
[2017.07.31-16.30.48:018][223]LogModuleManager: Shutting down and abandoning module PixelInspectorModule (254)
[2017.07.31-16.30.48:018][223]LogModuleManager: Shutting down and abandoning module MainFrame (252)
[2017.07.31-16.30.48:018][223]LogModuleManager: Shutting down and abandoning module HotReload (251)
[2017.07.31-16.30.48:018][223]LogModuleManager: Shutting down and abandoning module PhysXVehiclesEditor (246)
[2017.07.31-16.30.48:018][223]LogModuleManager: Shutting down and abandoning module PhysXVehicles (244)
[2017.07.31-16.30.48:018][223]LogModuleManager: Shutting down and abandoning module LocationServicesBPLibrary (242)
[2017.07.31-16.30.48:018][223]LogModuleManager: Shutting down and abandoning module ImmediatePhysicsEditor (240)
[2017.07.31-16.30.48:018][223]LogModuleManager: Shutting down and abandoning module ImmediatePhysics (238)
[2017.07.31-16.30.48:018][223]LogModuleManager: Shutting down and abandoning module UdpMessaging (236)
[2017.07.31-16.30.48:120][223]LogModuleManager: Shutting down and abandoning module TcpMessaging (234)
[2017.07.31-16.30.48:221][223]LogModuleManager: Shutting down and abandoning module GameplayTagsEditor (232)
[2017.07.31-16.30.48:221][223]LogModuleManager: Shutting down and abandoning module FacialAnimationEditor (230)
[2017.07.31-16.30.48:221][223]LogModuleManager: Shutting down and abandoning module FacialAnimation (228)
[2017.07.31-16.30.48:221][223]LogModuleManager: Shutting down and abandoning module AssetManagerEditor (226)
[2017.07.31-16.30.48:221][223]LogModuleManager: Shutting down and abandoning module GraphEditor (225)
[2017.07.31-16.30.48:253][223]LogModuleManager: Shutting down and abandoning module ContentBrowser (223)
[2017.07.31-16.30.48:255][223]LogModuleManager: Shutting down and abandoning module LightPropagationVolumeRuntime (220)
[2017.07.31-16.30.48:255][223]LogModuleManager: Shutting down and abandoning module Paper2D (218)
[2017.07.31-16.30.48:255][223]LogModuleManager: Shutting down and abandoning module WindowsMoviePlayer (216)
[2017.07.31-16.30.48:255][223]LogModuleManager: Shutting down and abandoning module WmfMedia (214)
[2017.07.31-16.30.48:255][223]LogModuleManager: Shutting down and abandoning module ClothingSystemEditor (212)
[2017.07.31-16.30.48:255][223]LogModuleManager: Shutting down and abandoning module ClothingSystemRuntime (210)
[2017.07.31-16.30.48:270][223]LogModuleManager: Shutting down and abandoning module MediaAssets (208)
[2017.07.31-16.30.48:270][223]LogModuleManager: Shutting down and abandoning module GameLiveStreaming (206)
[2017.07.31-16.30.48:270][223]LogModuleManager: Shutting down and abandoning module VREditor (204)
[2017.07.31-16.30.48:270][223]LogModuleManager: Shutting down and abandoning module StringTableEditor (202)
[2017.07.31-16.30.48:285][223]LogModuleManager: Shutting down and abandoning module GameplayTasksEditor (200)
[2017.07.31-16.30.48:285][223]LogModuleManager: Shutting down and abandoning module BehaviorTreeEditor (198)
[2017.07.31-16.30.48:300][223]LogModuleManager: Shutting down and abandoning module FunctionalTesting (196)
[2017.07.31-16.30.48:301][223]LogModuleManager: Shutting down and abandoning module CollisionAnalyzer (194)
[2017.07.31-16.30.48:310][223]LogModuleManager: Shutting down and abandoning module UMG (192)
[2017.07.31-16.30.48:310][223]LogModuleManager: Shutting down and abandoning module UMGEditor (191)
[2017.07.31-16.30.48:322][223]LogModuleManager: Shutting down and abandoning module Sequencer (190)
[2017.07.31-16.30.48:322][223]LogModuleManager: Shutting down and abandoning module AssetTools (188)
[2017.07.31-16.30.48:323][223]LogModuleManager: Shutting down and abandoning module MessageLog (187)
[2017.07.31-16.30.48:323][223]LogModuleManager: Shutting down and abandoning module WorkspaceMenuStructure (186)
[2017.07.31-16.30.48:323][223]LogModuleManager: Shutting down and abandoning module SlateReflector (180)
[2017.07.31-16.30.48:330][223]LogModuleManager: Shutting down and abandoning module Slate (178)
[2017.07.31-16.30.48:330][223]LogModuleManager: Shutting down and abandoning module EditorStyle (176)
[2017.07.31-16.30.48:336][223]LogModuleManager: Shutting down and abandoning module SourceCodeAccess (174)
[2017.07.31-16.30.48:336][223]LogModuleManager: Shutting down and abandoning module HeadMountedDisplay (172)
[2017.07.31-16.30.48:336][223]LogModuleManager: Shutting down and abandoning module XAudio2 (170)
[2017.07.31-16.30.48:336][223]LogModuleManager: Shutting down and abandoning module Networking (168)
[2017.07.31-16.30.48:336][223]LogModuleManager: Shutting down and abandoning module Core (164)
[2017.07.31-16.30.48:336][223]LogModuleManager: Shutting down and abandoning module AssetRegistry (162)
[2017.07.31-16.30.48:510][223]LogDirectoryWatcher: A directory notification for '../../../Engine/Content/' was aborted.
[2017.07.31-16.30.48:510][223]LogDirectoryWatcher: A directory notification for '../../../../../Unreal Projects/SideScrollDemo/Content/' was aborted.
[2017.07.31-16.30.48:510][223]LogDirectoryWatcher: A directory notification for '../../../Engine/Plugins/2D/Paper2D/Content/' was aborted.
[2017.07.31-16.30.48:510][223]LogDirectoryWatcher: A directory notification for '../../../Engine/Plugins/Runtime/GearVR/Content/' was aborted.
[2017.07.31-16.30.48:514][223]LogModuleManager: Shutting down and abandoning module DirectoryWatcher (161)
[2017.07.31-16.30.48:515][223]LogModuleManager: Shutting down and abandoning module KismetCompiler (158)
[2017.07.31-16.30.48:515][223]LogModuleManager: Shutting down and abandoning module LevelSequence (156)
[2017.07.31-16.30.48:515][223]LogModuleManager: Shutting down and abandoning module PhysXFormats (154)
[2017.07.31-16.30.48:515][223]LogModuleManager: Shutting down and abandoning module MeshUtilities (152)
[2017.07.31-16.30.48:515][223]LogModuleManager: Shutting down and abandoning module SimplygonSwarm (151)
[2017.07.31-16.30.48:515][223]LogModuleManager: Shutting down and abandoning module SimplygonMeshReduction (149)
[2017.07.31-16.30.48:515][223]LogModuleManager: Shutting down and abandoning module QuadricMeshReduction (147)
[2017.07.31-16.30.48:515][223]LogModuleManager: Shutting down and abandoning module DerivedDataCache (144)
[2017.07.31-16.30.48:539][223]LogDerivedDataCache: Shutdown
[2017.07.31-16.30.48:539][223]LogModuleManager: Shutting down and abandoning module TargetPlatform (142)
[2017.07.31-16.30.48:539][223]LogModuleManager: Shutting down and abandoning module VulkanShaderFormat (141)
[2017.07.31-16.30.48:539][223]LogModuleManager: Shutting down and abandoning module ShaderFormatVectorVM (139)
[2017.07.31-16.30.48:543][223]LogModuleManager: Shutting down and abandoning module ShaderFormatOpenGL (137)
[2017.07.31-16.30.48:545][223]LogModuleManager: Shutting down and abandoning module ShaderFormatD3D (135)
[2017.07.31-16.30.48:545][223]LogModuleManager: Shutting down and abandoning module MetalShaderFormat (133)
[2017.07.31-16.30.48:555][223]LogModuleManager: Shutting down and abandoning module TextureFormatUncompressed (131)
[2017.07.31-16.30.48:555][223]LogModuleManager: Shutting down and abandoning module TextureFormatPVR (129)
[2017.07.31-16.30.48:555][223]LogModuleManager: Shutting down and abandoning module TextureFormatDXT (127)
[2017.07.31-16.30.48:555][223]LogModuleManager: Shutting down and abandoning module TextureFormatIntelISPCTexComp (125)
[2017.07.31-16.30.48:555][223]LogModuleManager: Shutting down and abandoning module TextureFormatASTC (123)
[2017.07.31-16.30.48:555][223]LogModuleManager: Shutting down and abandoning module ImageWrapper (122)
[2017.07.31-16.30.48:555][223]LogModuleManager: Shutting down and abandoning module TextureFormatAndroid (119)
[2017.07.31-16.30.48:555][223]LogModuleManager: Shutting down and abandoning module AudioFormatOpus (117)
[2017.07.31-16.30.48:555][223]LogModuleManager: Shutting down and abandoning module AudioFormatOgg (115)
[2017.07.31-16.30.48:555][223]LogModuleManager: Shutting down and abandoning module AudioFormatADPCM (113)
[2017.07.31-16.30.48:555][223]LogModuleManager: Shutting down and abandoning module LinuxTargetPlatform (111)
[2017.07.31-16.30.48:555][223]LogModuleManager: Shutting down and abandoning module LinuxServerTargetPlatform (109)
[2017.07.31-16.30.48:555][223]LogModuleManager: Shutting down and abandoning module LinuxNoEditorTargetPlatform (107)
[2017.07.31-16.30.48:555][223]LogModuleManager: Shutting down and abandoning module LinuxClientTargetPlatform (105)
[2017.07.31-16.30.48:555][223]LogModuleManager: Shutting down and abandoning module TVOSTargetPlatform (103)
[2017.07.31-16.30.48:555][223]LogModuleManager: Shutting down and abandoning module Messaging (101)
[2017.07.31-16.30.48:555][223]LogModuleManager: Shutting down and abandoning module IOSTargetPlatform (99)
[2017.07.31-16.30.48:555][223]LogModuleManager: Shutting down and abandoning module HTML5TargetPlatform (97)
[2017.07.31-16.30.48:555][223]LogModuleManager: Shutting down and abandoning module Android_PVRTCTargetPlatform (95)
[2017.07.31-16.30.48:555][223]LogModuleManager: Shutting down and abandoning module Android_MultiTargetPlatform (93)
[2017.07.31-16.30.48:555][223]LogModuleManager: Shutting down and abandoning module Android_ETC2TargetPlatform (91)
[2017.07.31-16.30.48:555][223]LogModuleManager: Shutting down and abandoning module Android_ETC1TargetPlatform (89)
[2017.07.31-16.30.48:555][223]LogModuleManager: Shutting down and abandoning module Android_DXTTargetPlatform (87)
[2017.07.31-16.30.48:555][223]LogModuleManager: Shutting down and abandoning module Android_ATCTargetPlatform (85)
[2017.07.31-16.30.48:555][223]LogModuleManager: Shutting down and abandoning module Android_ASTCTargetPlatform (83)
[2017.07.31-16.30.48:555][223]LogModuleManager: Shutting down and abandoning module AndroidTargetPlatform (81)
[2017.07.31-16.30.48:555][223]LogModuleManager: Shutting down and abandoning module WindowsTargetPlatform (79)
[2017.07.31-16.30.48:555][223]LogModuleManager: Shutting down and abandoning module WindowsServerTargetPlatform (77)
[2017.07.31-16.30.48:555][223]LogModuleManager: Shutting down and abandoning module WindowsNoEditorTargetPlatform (75)
[2017.07.31-16.30.48:555][223]LogModuleManager: Shutting down and abandoning module WindowsClientTargetPlatform (73)
[2017.07.31-16.30.48:555][223]LogModuleManager: Shutting down and abandoning module MacTargetPlatform (71)
[2017.07.31-16.30.48:555][223]LogModuleManager: Shutting down and abandoning module MacServerTargetPlatform (69)
[2017.07.31-16.30.48:555][223]LogModuleManager: Shutting down and abandoning module MacNoEditorTargetPlatform (67)
[2017.07.31-16.30.48:555][223]LogModuleManager: Shutting down and abandoning module MacClientTargetPlatform (65)
[2017.07.31-16.30.48:555][223]LogModuleManager: Shutting down and abandoning module AllDesktopTargetPlatform (63)
[2017.07.31-16.30.48:555][223]LogModuleManager: Shutting down and abandoning module InputCore (60)
[2017.07.31-16.30.48:555][223]LogModuleManager: Shutting down and abandoning module Settings (58)
[2017.07.31-16.30.48:555][223]LogModuleManager: Shutting down and abandoning module OculusRift (56)
[2017.07.31-16.30.48:555][223]LogModuleManager: Shutting down and abandoning module GearVRController (54)
[2017.07.31-16.30.48:555][223]LogModuleManager: Shutting down and abandoning module GearVR (52)
[2017.07.31-16.30.48:570][223]LogModuleManager: Shutting down and abandoning module ExampleDeviceProfileSelector (50)
[2017.07.31-16.30.48:570][223]LogModuleManager: Shutting down and abandoning module OnlineBlueprintSupport (48)
[2017.07.31-16.30.48:570][223]LogModuleManager: Shutting down and abandoning module OnlineSubsystem (44)
[2017.07.31-16.30.48:570][223]LogOnline:Display: Unloading online subsystem: NULL
[2017.07.31-16.30.48:588][223]LogModuleManager: Shutting down and abandoning module XMPP (43)
[2017.07.31-16.30.48:589][223]LogModuleManager: Shutting down and abandoning module HTTP (41)
[2017.07.31-16.30.48:589][223]LogHttp:Display: Http module shutting down, but needs to wait on 1 outstanding Http requests:
[2017.07.31-16.30.48:589][223]LogHttp:Display: 	verb=[POST] url=[https://datarouter.ol.epicgames.com/datarouter/api/v1/public/data?SessionID=%7B8CC257D8-44EA-4355-37A1-4A875DAA88F5%7D&AppID=UEEditor.Rocket.Release&AppVersion=4.16.2-3514769%2B%2B%2BUE4%2BRelease-4.16&UserID=253278c348095e98d7ed4896c49ce749%7C1028bfa2da8e4a0584f30ea2a1727c6c%7C843dd5b6-64ad-409e-9825-71653dbbda70&AppEnvironment=datacollector-binary&UploadType=eteventstream] status=Processing
[2017.07.31-16.30.48:601][223]LogModuleManager: Shutting down and abandoning module SSL (40)
[2017.07.31-16.30.48:605][223]LogModuleManager: Shutting down and abandoning module HTTPChunkInstaller (36)
[2017.07.31-16.30.48:609][223]LogModuleManager: Shutting down and abandoning module AnimationModifiers (34)
[2017.07.31-16.30.48:617][223]LogModuleManager: Shutting down and abandoning module PropertyEditor (33)
[2017.07.31-16.30.48:618][223]LogModuleManager: Shutting down and abandoning module AudioEditor (30)
[2017.07.31-16.30.48:618][223]LogModuleManager: Shutting down and abandoning module TextureCompressor (28)
[2017.07.31-16.30.48:618][223]LogModuleManager: Shutting down and abandoning module ShaderCore (26)
[2017.07.31-16.30.48:618][223]LogModuleManager: Shutting down and abandoning module Landscape (24)
[2017.07.31-16.30.48:618][223]LogModuleManager: Shutting down and abandoning module SlateRHIRenderer (22)
[2017.07.31-16.30.48:631][223]LogModuleManager: Shutting down and abandoning module OpenGLDrv (20)
[2017.07.31-16.30.48:632][223]LogModuleManager: Shutting down and abandoning module D3D11RHI (18)
[2017.07.31-16.30.48:632][223]LogModuleManager: Shutting down and abandoning module AnimGraphRuntime (16)
[2017.07.31-16.30.48:632][223]LogModuleManager: Shutting down and abandoning module Renderer (14)
[2017.07.31-16.30.48:632][223]LogModuleManager: Shutting down and abandoning module Engine (12)
[2017.07.31-16.30.48:632][223]LogModuleManager: Shutting down and abandoning module CoreUObject (10)
[2017.07.31-16.30.48:632][223]LogModuleManager: Shutting down and abandoning module NetworkFile (8)
[2017.07.31-16.30.48:632][223]LogModuleManager: Shutting down and abandoning module StreamingFile (6)
[2017.07.31-16.30.48:632][223]LogModuleManager: Shutting down and abandoning module SandboxFile (4)
[2017.07.31-16.30.48:632][223]LogModuleManager: Shutting down and abandoning module PakFile (2)
[2017.07.31-16.30.48:637][223]LogExit: Exiting.
[2017.07.31-16.30.48:672][223]Log file closed, 07/31/17 12:30:48
